<?xml version="1.0" encoding="UTF-8"?>
<!-- Generated by org.testng.reporters.JUnitXMLReporter -->
<testsuite ignored="0" hostname="DESKTOP-1C037RJ" failures="1" tests="6" name="Chrome cucumber Test" time="73.793" errors="0" timestamp="2025-12-11T20:24:07 IST">
  <testcase classname="io.cucumber.testng.AbstractTestNGCucumberTests" name="runScenario" time="6.696"/>
  <testcase classname="io.cucumber.testng.AbstractTestNGCucumberTests" name="runScenario" time="15.182">
    <failure type="java.lang.AssertionError" message="Expected error not found. Actual: Epic sadface: Sorry, this user has been locked out. expected [true] but found [false]">
      <![CDATA[java.lang.AssertionError: Expected error not found. Actual: Epic sadface: Sorry, this user has been locked out. expected [true] but found [false]
at org.testng.Assert.fail(Assert.java:110)
at org.testng.Assert.failNotEquals(Assert.java:1413)
at org.testng.Assert.assertTrue(Assert.java:56)
at stepDefinitions.LoginStepsForSauceDemo.the_user_should_see(LoginStepsForSauceDemo.java:55)
at âœ½.the user should see "Epic sadface: Sorry, this user is locked out."(file:///D:/BDDWithDDT/src/test/resources/features/SauceDemoLogin.feature:12)
]]>
    </failure>
  </testcase> <!-- runScenario -->
  <testcase classname="io.cucumber.testng.AbstractTestNGCucumberTests" name="runScenario" time="3.537"/>
  <testcase classname="io.cucumber.testng.AbstractTestNGCucumberTests" name="runScenario" time="13.612"/>
  <testcase classname="io.cucumber.testng.AbstractTestNGCucumberTests" name="runScenario" time="13.858"/>
  <testcase classname="io.cucumber.testng.AbstractTestNGCucumberTests" name="runScenario" time="14.355"/>
</testsuite> <!-- Chrome cucumber Test -->
