<?xml version="1.0" encoding="UTF-8"?>
<!-- Generated by org.testng.reporters.JUnitXMLReporter -->
<testsuite ignored="6" hostname="DESKTOP-1C037RJ" failures="0" tests="7" name="Chrome Test" time="14.948" errors="0" timestamp="2026-01-12T09:16:34 IST">
  <testcase classname="tests.LoginTest" name="LoginTest" time="1.96"/>
  <testcase classname="tests.LoginTest2Locked" name="LoginTestLockedUser" time="0.688"/>
  <testcase classname="tests.LoginTest3ProblemUser" name="LoginTestProblemUser" time="0.654"/>
  <testcase classname="tests.EndToEndAutomation" name="LoginTest" time="0.637"/>
  <testcase classname="tests.EndToEndAutomation" name="AddToCart" time="0.22"/>
  <testcase classname="tests.EndToEndAutomation" name="Checkout" time="0.1"/>
  <testcase classname="tests.EndToEndAutomation" name="InputCheckoutFields" time="0.539"/>
  <testcase classname="base.BaseTest" name="@BeforeSuite startTest" time="0.0">
    <ignored/>
  </testcase> <!-- @BeforeSuite startTest -->
  <testcase classname="base.BaseTest" name="@AfterSuite endReport" time="0.0">
    <ignored/>
  </testcase> <!-- @AfterSuite endReport -->
  <testcase classname="base.BaseTest" name="@BeforeSuite startTest" time="0.0">
    <ignored/>
  </testcase> <!-- @BeforeSuite startTest -->
  <testcase classname="base.BaseTest" name="@BeforeSuite startTest" time="0.0">
    <ignored/>
  </testcase> <!-- @BeforeSuite startTest -->
  <testcase classname="base.BaseTest" name="@AfterSuite endReport" time="0.0">
    <ignored/>
  </testcase> <!-- @AfterSuite endReport -->
  <testcase classname="base.BaseTest" name="@AfterSuite endReport" time="0.0">
    <ignored/>
  </testcase> <!-- @AfterSuite endReport -->
</testsuite> <!-- Chrome Test -->
