<?xml version="1.0" encoding="UTF-8"?>
<!-- Generated by org.testng.reporters.JUnitXMLReporter -->
<testsuite ignored="6" hostname="DESKTOP-1C037RJ" failures="0" tests="7" name="Firefox Test" time="29.661" errors="0" timestamp="2026-01-12T09:17:04 IST">
  <testcase classname="tests.LoginTest" name="LoginTest" time="0.847"/>
  <testcase classname="tests.LoginTest2Locked" name="LoginTestLockedUser" time="0.662"/>
  <testcase classname="tests.LoginTest3ProblemUser" name="LoginTestProblemUser" time="0.814"/>
  <testcase classname="tests.EndToEndAutomation" name="LoginTest" time="0.855"/>
  <testcase classname="tests.EndToEndAutomation" name="AddToCart" time="0.263"/>
  <testcase classname="tests.EndToEndAutomation" name="Checkout" time="0.157"/>
  <testcase classname="tests.EndToEndAutomation" name="InputCheckoutFields" time="0.523"/>
  <testcase classname="base.BaseTest" name="@BeforeSuite startTest" time="0.0">
    <ignored/>
  </testcase> <!-- @BeforeSuite startTest -->
  <testcase classname="base.BaseTest" name="@AfterSuite endReport" time="0.0">
    <ignored/>
  </testcase> <!-- @AfterSuite endReport -->
  <testcase classname="base.BaseTest" name="@BeforeSuite startTest" time="0.0">
    <ignored/>
  </testcase> <!-- @BeforeSuite startTest -->
  <testcase classname="base.BaseTest" name="@BeforeSuite startTest" time="0.0">
    <ignored/>
  </testcase> <!-- @BeforeSuite startTest -->
  <testcase classname="base.BaseTest" name="@AfterSuite endReport" time="0.0">
    <ignored/>
  </testcase> <!-- @AfterSuite endReport -->
  <testcase classname="base.BaseTest" name="@AfterSuite endReport" time="0.0">
    <ignored/>
  </testcase> <!-- @AfterSuite endReport -->
</testsuite> <!-- Firefox Test -->
