<?xml version="1.0" encoding="UTF-8"?>
<!-- Generated by org.testng.reporters.JUnitXMLReporter -->
<testsuite ignored="0" hostname="DESKTOP-1C037RJ" failures="0" tests="4" name="Default test" time="7.797" errors="0" timestamp="2026-01-02T14:23:04 IST">
  <testcase classname="tests.EndToEndAutomation" name="LoginTest" time="1.834"/>
  <testcase classname="tests.EndToEndAutomation" name="AddToCart" time="0.27"/>
  <testcase classname="tests.EndToEndAutomation" name="Checkout" time="0.129"/>
  <testcase classname="tests.EndToEndAutomation" name="InputCheckoutFields" time="0.714"/>
</testsuite> <!-- Default test -->
