<?xml version="1.0" encoding="UTF-8"?>
<!-- Generated by org.testng.reporters.JUnitXMLReporter -->
<testsuite ignored="0" hostname="DESKTOP-1C037RJ" failures="0" tests="4" name="Default test" time="7.135" errors="0" timestamp="2026-01-12T09:12:55 IST">
  <testcase classname="tests.EndToEndAutomation" name="LoginTest" time="1.983"/>
  <testcase classname="tests.EndToEndAutomation" name="AddToCart" time="0.286"/>
  <testcase classname="tests.EndToEndAutomation" name="Checkout" time="0.141"/>
  <testcase classname="tests.EndToEndAutomation" name="InputCheckoutFields" time="0.707"/>
</testsuite> <!-- Default test -->
