<?xml version="1.0" encoding="UTF-8"?>
<!-- Generated by org.testng.reporters.JUnitXMLReporter -->
<testsuite ignored="0" hostname="DESKTOP-1C037RJ" failures="0" tests="3" name="Default test" time="0.744" errors="0" timestamp="2025-12-20T14:41:48 IST">
  <testcase classname="ExcelData.DataProvider" name="GetDataFromExcel" time="0.014"/>
  <testcase classname="ExcelData.DataProvider" name="GetDataFromExcel" time="0.005"/>
  <testcase classname="ExcelData.DataProvider" name="GetDataFromExcel" time="0.009"/>
</testsuite> <!-- Default test -->
