<?xml version="1.0" encoding="UTF-8"?>
<!-- Generated by org.testng.reporters.JUnitXMLReporter -->
<testsuite ignored="0" hostname="DESKTOP-1C037RJ" failures="0" tests="3" name="Default test" time="0.632" errors="0" timestamp="2025-11-03T15:59:20 IST">
  <testcase classname="ExcelData.DataProvider" name="GetDataFromExcel" time="0.01"/>
  <testcase classname="ExcelData.DataProvider" name="GetDataFromExcel" time="0.006"/>
  <testcase classname="ExcelData.DataProvider" name="GetDataFromExcel" time="0.005"/>
</testsuite> <!-- Default test -->
