<html>
<head>
<title>TestNG:  Chrome Test</title>
<link href="../testng.css" rel="stylesheet" type="text/css" />
<link href="../my-testng.css" rel="stylesheet" type="text/css" />

<style type="text/css">
.log { display: none;} 
.stack-trace { display: none;} 
</style>
<script type="text/javascript">
<!--
function flip(e) {
  current = e.style.display;
  if (current == 'block') {
    e.style.display = 'none';
    return 0;
  }
  else {
    e.style.display = 'block';
    return 1;
  }
}

function toggleBox(szDivId, elem, msg1, msg2)
{
  var res = -1;  if (document.getElementById) {
    res = flip(document.getElementById(szDivId));
  }
  else if (document.all) {
    // this is the way old msie versions work
    res = flip(document.all[szDivId]);
  }
  if(elem) {
    if(res == 0) elem.innerHTML = msg1; else elem.innerHTML = msg2;
  }

}

function toggleAllBoxes() {
  if (document.getElementsByTagName) {
    d = document.getElementsByTagName('div');
    for (i = 0; i < d.length; i++) {
      if (d[i].className == 'log') {
        flip(d[i]);
      }
    }
  }
}

// -->
</script>

</head>
<body>
<h2 align='center'>Chrome Test</h2><table border='1' align="center">
<tr>
<td>Tests passed/Failed/Skipped:</td><td>5/1/0</td>
</tr><tr>
<td>Started on:</td><td>Mon Dec 01 08:37:40 IST 2025</td>
</tr>
<tr><td>Total time:</td><td>64 seconds (64951 ms)</td>
</tr><tr>
<td>Included groups:</td><td></td>
</tr><tr>
<td>Excluded groups:</td><td></td>
</tr>
</table><p/>
<small><i>(Hover the method name to see the test class name)</i></small><p/>
<table width='100%' border='1' class='invocation-failed'>
<tr><td colspan='4' align='center'><b>FAILED TESTS</b></td></tr>
<tr><td><b>Test method</b></td>
<td><b>Attribute(s)</b></td>
<td width="30%"><b>Exception</b></td>
<td width="10%"><b>Time (seconds)</b></td>
<td><b>Instance</b></td>
</tr>
<tr>
<td title='runners.TestRunner1.runScenario()'><b>runScenario</b><br>Test class: runners.TestRunner1<br>Test method: Runs Cucumber Scenarios<br>Parameters: "Validate login with multiple credential sets", "Sauce Demo Login Validation"</td>
<td><div><pre>java.lang.AssertionError: Expected error not found. Actual: Epic sadface: Sorry, this user has been locked out. expected [true] but found [false]
	at stepDefinitions.LoginStepsForSauceDemo.the_user_should_see(LoginStepsForSauceDemo.java:55)
	at ✽.the user should see &quot;Epic sadface: Sorry, this user is locked out.&quot;(file:///D:/BDDWithDDT/src/test/resources/features/SauceDemoLogin.feature:12)
... Removed 3 stack frames</pre></div><a href='#' onClick='toggleBox("stack-trace548863882", this, "Click to show all stack frames", "Click to hide stack frames")'>Click to show all stack frames</a>
<div class='stack-trace' id='stack-trace548863882'><pre>java.lang.AssertionError: Expected error not found. Actual: Epic sadface: Sorry, this user has been locked out. expected [true] but found [false]
	at org.testng.Assert.fail(Assert.java:110)
	at org.testng.Assert.failNotEquals(Assert.java:1413)
	at org.testng.Assert.assertTrue(Assert.java:56)
	at stepDefinitions.LoginStepsForSauceDemo.the_user_should_see(LoginStepsForSauceDemo.java:55)
	at ✽.the user should see &quot;Epic sadface: Sorry, this user is locked out.&quot;(file:///D:/BDDWithDDT/src/test/resources/features/SauceDemoLogin.feature:12)
</pre></div></td>
<td>13</td>
<td>runners.TestRunner1@20a14b55</td></tr>
</table><p>
<table width='100%' border='1' class='invocation-passed'>
<tr><td colspan='4' align='center'><b>PASSED TESTS</b></td></tr>
<tr><td><b>Test method</b></td>
<td><b>Attribute(s)</b></td>
<td width="30%"><b>Exception</b></td>
<td width="10%"><b>Time (seconds)</b></td>
<td><b>Instance</b></td>
</tr>
<tr>
<td title='runners.TestRunner1.runScenario()'><b>runScenario</b><br>Test class: runners.TestRunner1<br>Test method: Runs Cucumber Scenarios<br>Parameters: "Validate login with multiple credential sets", "Sauce Demo Login Validation"</td>
<td></td>
<td>4</td>
<td>runners.TestRunner1@20a14b55</td></tr>
<tr>
<td title='runners.TestRunner1.runScenario()'><b>runScenario</b><br>Test class: runners.TestRunner1<br>Test method: Runs Cucumber Scenarios<br>Parameters: "Validate login with multiple credential sets", "Sauce Demo Login Validation"</td>
<td></td>
<td>12</td>
<td>runners.TestRunner1@20a14b55</td></tr>
<tr>
<td title='runners.TestRunner1.runScenario()'><b>runScenario</b><br>Test class: runners.TestRunner1<br>Test method: Runs Cucumber Scenarios<br>Parameters: "Validate login with multiple credential sets", "Sauce Demo Login Validation"</td>
<td></td>
<td>2</td>
<td>runners.TestRunner1@20a14b55</td></tr>
<tr>
<td title='runners.TestRunner1.runScenario()'><b>runScenario</b><br>Test class: runners.TestRunner1<br>Test method: Runs Cucumber Scenarios<br>Parameters: "Validate login with multiple credential sets", "Sauce Demo Login Validation"</td>
<td></td>
<td>12</td>
<td>runners.TestRunner1@20a14b55</td></tr>
<tr>
<td title='runners.TestRunner1.runScenario()'><b>runScenario</b><br>Test class: runners.TestRunner1<br>Test method: Runs Cucumber Scenarios<br>Parameters: "Validate login with multiple credential sets", "Sauce Demo Login Validation"</td>
<td></td>
<td>12</td>
<td>runners.TestRunner1@20a14b55</td></tr>
</table><p>
</body>
</html>