<?xml version="1.0" encoding="UTF-8"?>
<!-- Generated by org.testng.reporters.JUnitXMLReporter -->
<testsuite ignored="0" hostname="DESKTOP-1C037RJ" failures="1" tests="3" name="Firefox Test" time="9.72" errors="0" timestamp="2025-09-13T16:52:29 IST">
  <testcase classname="tests.SampleTest" name="GetUrl" time="0.018"/>
  <testcase classname="tests.SampleTest" name="FailUrl" time="0.005">
    <failure type="java.lang.AssertionError" message="Deliberately failing the test">
      <![CDATA[java.lang.AssertionError: Deliberately failing the test
at tests.SampleTest.FailUrl(SampleTest.java:28)
at java.base/java.util.ArrayList.forEach(ArrayList.java:1596)
at java.base/java.util.concurrent.FutureTask.run(FutureTask.java:317)
at java.base/java.util.concurrent.ThreadPoolExecutor.runWorker(ThreadPoolExecutor.java:1144)
at java.base/java.util.concurrent.ThreadPoolExecutor$Worker.run(ThreadPoolExecutor.java:642)
at java.base/java.lang.Thread.run(Thread.java:1583)
... Removed 16 stack frames]]>
    </failure>
  </testcase> <!-- FailUrl -->
  <testcase classname="tests.SampleTest" name="SkipUrl" time="0.004">
    <skipped/>
  </testcase> <!-- SkipUrl -->
</testsuite> <!-- Firefox Test -->
