<?xml version="1.0" encoding="UTF-8"?>
<!-- Generated by org.testng.reporters.JUnitXMLReporter -->
<testsuite ignored="4" hostname="DESKTOP-1C037RJ" failures="0" tests="3" name="Chrome Test" time="22.975" errors="0" timestamp="2025-12-02T10:55:03 IST">
  <testcase classname="tests.LoginTest" name="LoginTest" time="2.388"/>
  <testcase classname="tests.LoginTest2Locked" name="LoginTestLockedUser" time="0.841"/>
  <testcase classname="tests.LoginTest3ProblemUser" name="LoginTestProblemUser" time="0.614"/>
  <testcase classname="base.BaseTest" name="@BeforeSuite startTest" time="0.0">
    <ignored/>
  </testcase> <!-- @BeforeSuite startTest -->
  <testcase classname="base.BaseTest" name="@AfterSuite endReport" time="0.0">
    <ignored/>
  </testcase> <!-- @AfterSuite endReport -->
  <testcase classname="base.BaseTest" name="@AfterSuite endReport" time="0.0">
    <ignored/>
  </testcase> <!-- @AfterSuite endReport -->
  <testcase classname="base.BaseTest" name="@BeforeSuite startTest" time="0.0">
    <ignored/>
  </testcase> <!-- @BeforeSuite startTest -->
</testsuite> <!-- Chrome Test -->
