<?xml version="1.0" encoding="UTF-8"?>
<!-- Generated by org.testng.reporters.JUnitXMLReporter -->
<testsuite ignored="0" hostname="DESKTOP-1C037RJ" failures="0" tests="3" name="Edge Test" time="2.58" errors="0" timestamp="2025-09-13T11:02:08 IST">
  <testcase classname="tests.SampleTest" name="GetUrl" time="0.0">
    <skipped/>
  </testcase> <!-- GetUrl -->
  <testcase classname="tests.SampleTest" name="FailUrl" time="0.0">
    <skipped/>
  </testcase> <!-- FailUrl -->
  <testcase classname="tests.SampleTest" name="SkipUrl" time="0.0">
    <skipped/>
  </testcase> <!-- SkipUrl -->
</testsuite> <!-- Edge Test -->
