<?xml version="1.0" encoding="UTF-8"?>
<!-- Generated by org.testng.reporters.JUnitXMLReporter -->
<testsuite ignored="6" hostname="DESKTOP-1C037RJ" failures="0" tests="7" name="Chrome Test" time="23.851" errors="0" timestamp="2026-01-12T09:21:00 IST">
  <testcase classname="tests.LoginTest" name="LoginTest" time="1.722"/>
  <testcase classname="tests.EndToEndAutomation" name="LoginTest" time="1.132"/>
  <testcase classname="tests.LoginTest2Locked" name="LoginTestLockedUser" time="0.911"/>
  <testcase classname="tests.LoginTest3ProblemUser" name="LoginTestProblemUser" time="0.826"/>
  <testcase classname="tests.EndToEndAutomation" name="AddToCart" time="0.372"/>
  <testcase classname="tests.EndToEndAutomation" name="Checkout" time="0.143"/>
  <testcase classname="tests.EndToEndAutomation" name="InputCheckoutFields" time="4.206"/>
  <testcase classname="base.BaseTest" name="@AfterSuite endReport" time="0.0">
    <ignored/>
  </testcase> <!-- @AfterSuite endReport -->
  <testcase classname="base.BaseTest" name="@BeforeSuite startTest" time="0.0">
    <ignored/>
  </testcase> <!-- @BeforeSuite startTest -->
  <testcase classname="base.BaseTest" name="@BeforeSuite startTest" time="0.0">
    <ignored/>
  </testcase> <!-- @BeforeSuite startTest -->
  <testcase classname="base.BaseTest" name="@BeforeSuite startTest" time="0.0">
    <ignored/>
  </testcase> <!-- @BeforeSuite startTest -->
  <testcase classname="base.BaseTest" name="@AfterSuite endReport" time="0.0">
    <ignored/>
  </testcase> <!-- @AfterSuite endReport -->
  <testcase classname="base.BaseTest" name="@AfterSuite endReport" time="0.0">
    <ignored/>
  </testcase> <!-- @AfterSuite endReport -->
</testsuite> <!-- Chrome Test -->
