<?xml version="1.0" encoding="UTF-8"?>
<testng-results ignored="12" total="26" passed="14" failed="0" skipped="0">
  <reporter-output>
  </reporter-output>
  <suite started-at="2026-01-12T09:20:36 IST" name="Parallel Suite" finished-at="2026-01-12T09:21:16 IST" duration-ms="39400">
    <groups>
    </groups>
    <test started-at="2026-01-12T09:20:36 IST" name="Chrome Test" finished-at="2026-01-12T09:21:00 IST" duration-ms="23851">
      <class name="tests.LoginTest3ProblemUser">
        <test-method is-config="true" signature="setUp(java.lang.String)[pri:0, instance:tests.LoginTest3ProblemUser@4cf8b2dc]" started-at="2026-01-12T09:20:52 IST" name="setUp" finished-at="2026-01-12T09:20:54 IST" duration-ms="2377" status="PASS">
          <params>
            <param index="0">
              <value>
                <![CDATA[chrome]]>
              </value>
            </param>
          </params>
          <reporter-output>
          </reporter-output>
        </test-method> <!-- setUp -->
        <test-method signature="LoginTestProblemUser()[pri:1, instance:tests.LoginTest3ProblemUser@4cf8b2dc]" started-at="2026-01-12T09:20:54 IST" name="LoginTestProblemUser" finished-at="2026-01-12T09:20:55 IST" duration-ms="826" status="PASS">
          <reporter-output>
          </reporter-output>
        </test-method> <!-- LoginTestProblemUser -->
        <test-method is-config="true" signature="getResult(org.testng.ITestResult)[pri:0, instance:tests.LoginTest3ProblemUser@4cf8b2dc]" started-at="2026-01-12T09:20:55 IST" name="getResult" finished-at="2026-01-12T09:20:55 IST" duration-ms="1" status="PASS">
          <params>
            <param index="0">
              <value>
                <![CDATA[[TestResult name=LoginTestProblemUser status=SUCCESS method=LoginTest3ProblemUser.LoginTestProblemUser()[pri:1, instance:tests.LoginTest3ProblemUser@4cf8b2dc] output={null}]]]>
              </value>
            </param>
          </params>
          <reporter-output>
          </reporter-output>
        </test-method> <!-- getResult -->
        <test-method is-config="true" signature="tearDown()[pri:0, instance:tests.LoginTest3ProblemUser@4cf8b2dc]" started-at="2026-01-12T09:20:55 IST" name="tearDown" finished-at="2026-01-12T09:20:55 IST" duration-ms="379" status="PASS">
          <reporter-output>
          </reporter-output>
        </test-method> <!-- tearDown -->
      </class> <!-- tests.LoginTest3ProblemUser -->
      <class name="tests.LoginTest">
        <test-method is-config="true" signature="setUp(java.lang.String)[pri:0, instance:tests.LoginTest@302a07d]" started-at="2026-01-12T09:20:36 IST" name="setUp" finished-at="2026-01-12T09:20:41 IST" duration-ms="4268" status="PASS">
          <params>
            <param index="0">
              <value>
                <![CDATA[chrome]]>
              </value>
            </param>
          </params>
          <reporter-output>
          </reporter-output>
        </test-method> <!-- setUp -->
        <test-method signature="LoginTest()[pri:1, instance:tests.LoginTest@302a07d]" started-at="2026-01-12T09:20:41 IST" name="LoginTest" finished-at="2026-01-12T09:20:42 IST" duration-ms="1722" status="PASS">
          <reporter-output>
          </reporter-output>
        </test-method> <!-- LoginTest -->
        <test-method is-config="true" signature="getResult(org.testng.ITestResult)[pri:0, instance:tests.LoginTest@302a07d]" started-at="2026-01-12T09:20:42 IST" name="getResult" finished-at="2026-01-12T09:20:42 IST" duration-ms="86" status="PASS">
          <params>
            <param index="0">
              <value>
                <![CDATA[[TestResult name=LoginTest status=SUCCESS method=LoginTest.LoginTest()[pri:1, instance:tests.LoginTest@302a07d] output={null}]]]>
              </value>
            </param>
          </params>
          <reporter-output>
          </reporter-output>
        </test-method> <!-- getResult -->
        <test-method is-config="true" signature="tearDown()[pri:0, instance:tests.LoginTest@302a07d]" started-at="2026-01-12T09:20:42 IST" name="tearDown" finished-at="2026-01-12T09:20:43 IST" duration-ms="577" status="PASS">
          <reporter-output>
          </reporter-output>
        </test-method> <!-- tearDown -->
      </class> <!-- tests.LoginTest -->
      <class name="tests.EndToEndAutomation">
        <test-method is-config="true" signature="setUp(java.lang.String)[pri:0, instance:tests.EndToEndAutomation@4218500f]" started-at="2026-01-12T09:20:43 IST" name="setUp" finished-at="2026-01-12T09:20:47 IST" duration-ms="3627" status="PASS">
          <params>
            <param index="0">
              <value>
                <![CDATA[chrome]]>
              </value>
            </param>
          </params>
          <reporter-output>
          </reporter-output>
        </test-method> <!-- setUp -->
        <test-method signature="LoginTest()[pri:1, instance:tests.EndToEndAutomation@4218500f]" started-at="2026-01-12T09:20:47 IST" name="LoginTest" finished-at="2026-01-12T09:20:48 IST" duration-ms="1132" status="PASS">
          <reporter-output>
          </reporter-output>
        </test-method> <!-- LoginTest -->
        <test-method is-config="true" signature="getResult(org.testng.ITestResult)[pri:0, instance:tests.EndToEndAutomation@4218500f]" started-at="2026-01-12T09:20:48 IST" name="getResult" finished-at="2026-01-12T09:20:48 IST" duration-ms="1" status="PASS">
          <params>
            <param index="0">
              <value>
                <![CDATA[[TestResult name=LoginTest status=SUCCESS method=EndToEndAutomation.LoginTest()[pri:1, instance:tests.EndToEndAutomation@4218500f] output={null}]]]>
              </value>
            </param>
          </params>
          <reporter-output>
          </reporter-output>
        </test-method> <!-- getResult -->
        <test-method signature="AddToCart()[pri:2, instance:tests.EndToEndAutomation@4218500f]" started-at="2026-01-12T09:20:55 IST" name="AddToCart" finished-at="2026-01-12T09:20:56 IST" depends-on-methods="tests.EndToEndAutomation.LoginTest" duration-ms="372" status="PASS">
          <reporter-output>
          </reporter-output>
        </test-method> <!-- AddToCart -->
        <test-method is-config="true" signature="getResult(org.testng.ITestResult)[pri:0, instance:tests.EndToEndAutomation@4218500f]" started-at="2026-01-12T09:20:56 IST" name="getResult" finished-at="2026-01-12T09:20:56 IST" duration-ms="3" status="PASS">
          <params>
            <param index="0">
              <value>
                <![CDATA[[TestResult name=AddToCart status=SUCCESS method=EndToEndAutomation.AddToCart()[pri:2, instance:tests.EndToEndAutomation@4218500f] output={null}]]]>
              </value>
            </param>
          </params>
          <reporter-output>
          </reporter-output>
        </test-method> <!-- getResult -->
        <test-method signature="Checkout()[pri:3, instance:tests.EndToEndAutomation@4218500f]" started-at="2026-01-12T09:20:56 IST" name="Checkout" finished-at="2026-01-12T09:20:56 IST" duration-ms="143" status="PASS">
          <reporter-output>
          </reporter-output>
        </test-method> <!-- Checkout -->
        <test-method is-config="true" signature="getResult(org.testng.ITestResult)[pri:0, instance:tests.EndToEndAutomation@4218500f]" started-at="2026-01-12T09:20:56 IST" name="getResult" finished-at="2026-01-12T09:20:56 IST" duration-ms="1" status="PASS">
          <params>
            <param index="0">
              <value>
                <![CDATA[[TestResult name=Checkout status=SUCCESS method=EndToEndAutomation.Checkout()[pri:3, instance:tests.EndToEndAutomation@4218500f] output={null}]]]>
              </value>
            </param>
          </params>
          <reporter-output>
          </reporter-output>
        </test-method> <!-- getResult -->
        <test-method signature="InputCheckoutFields()[pri:4, instance:tests.EndToEndAutomation@4218500f]" started-at="2026-01-12T09:20:56 IST" name="InputCheckoutFields" finished-at="2026-01-12T09:21:00 IST" duration-ms="4206" status="PASS">
          <reporter-output>
          </reporter-output>
        </test-method> <!-- InputCheckoutFields -->
        <test-method is-config="true" signature="getResult(org.testng.ITestResult)[pri:0, instance:tests.EndToEndAutomation@4218500f]" started-at="2026-01-12T09:21:00 IST" name="getResult" finished-at="2026-01-12T09:21:00 IST" duration-ms="2" status="PASS">
          <params>
            <param index="0">
              <value>
                <![CDATA[[TestResult name=InputCheckoutFields status=SUCCESS method=EndToEndAutomation.InputCheckoutFields()[pri:4, instance:tests.EndToEndAutomation@4218500f] output={null}]]]>
              </value>
            </param>
          </params>
          <reporter-output>
          </reporter-output>
        </test-method> <!-- getResult -->
        <test-method is-config="true" signature="tearDown()[pri:0, instance:tests.EndToEndAutomation@4218500f]" started-at="2026-01-12T09:21:00 IST" name="tearDown" finished-at="2026-01-12T09:21:00 IST" duration-ms="0" status="PASS">
          <reporter-output>
          </reporter-output>
        </test-method> <!-- tearDown -->
      </class> <!-- tests.EndToEndAutomation -->
      <class name="tests.LoginTest2Locked">
        <test-method is-config="true" signature="setUp(java.lang.String)[pri:0, instance:tests.LoginTest2Locked@5c08c46a]" started-at="2026-01-12T09:20:48 IST" name="setUp" finished-at="2026-01-12T09:20:50 IST" duration-ms="2283" status="PASS">
          <params>
            <param index="0">
              <value>
                <![CDATA[chrome]]>
              </value>
            </param>
          </params>
          <reporter-output>
          </reporter-output>
        </test-method> <!-- setUp -->
        <test-method signature="LoginTestLockedUser()[pri:1, instance:tests.LoginTest2Locked@5c08c46a]" started-at="2026-01-12T09:20:50 IST" name="LoginTestLockedUser" finished-at="2026-01-12T09:20:51 IST" duration-ms="911" status="PASS">
          <reporter-output>
          </reporter-output>
        </test-method> <!-- LoginTestLockedUser -->
        <test-method is-config="true" signature="getResult(org.testng.ITestResult)[pri:0, instance:tests.LoginTest2Locked@5c08c46a]" started-at="2026-01-12T09:20:51 IST" name="getResult" finished-at="2026-01-12T09:20:51 IST" duration-ms="0" status="PASS">
          <params>
            <param index="0">
              <value>
                <![CDATA[[TestResult name=LoginTestLockedUser status=SUCCESS method=LoginTest2Locked.LoginTestLockedUser()[pri:1, instance:tests.LoginTest2Locked@5c08c46a] output={null}]]]>
              </value>
            </param>
          </params>
          <reporter-output>
          </reporter-output>
        </test-method> <!-- getResult -->
        <test-method is-config="true" signature="tearDown()[pri:0, instance:tests.LoginTest2Locked@5c08c46a]" started-at="2026-01-12T09:20:51 IST" name="tearDown" finished-at="2026-01-12T09:20:52 IST" duration-ms="861" status="PASS">
          <reporter-output>
          </reporter-output>
        </test-method> <!-- tearDown -->
      </class> <!-- tests.LoginTest2Locked -->
    </test> <!-- Chrome Test -->
    <test started-at="2026-01-12T09:20:36 IST" name="Firefox Test" finished-at="2026-01-12T09:21:16 IST" duration-ms="39400">
      <class name="tests.LoginTest3ProblemUser">
        <test-method is-config="true" signature="setUp(java.lang.String)[pri:0, instance:tests.LoginTest3ProblemUser@704f1591]" started-at="2026-01-12T09:21:07 IST" name="setUp" finished-at="2026-01-12T09:21:12 IST" duration-ms="4858" status="PASS">
          <params>
            <param index="0">
              <value>
                <![CDATA[firefox]]>
              </value>
            </param>
          </params>
          <reporter-output>
          </reporter-output>
        </test-method> <!-- setUp -->
        <test-method signature="LoginTestProblemUser()[pri:1, instance:tests.LoginTest3ProblemUser@704f1591]" started-at="2026-01-12T09:21:12 IST" name="LoginTestProblemUser" finished-at="2026-01-12T09:21:13 IST" duration-ms="1002" status="PASS">
          <reporter-output>
          </reporter-output>
        </test-method> <!-- LoginTestProblemUser -->
        <test-method is-config="true" signature="getResult(org.testng.ITestResult)[pri:0, instance:tests.LoginTest3ProblemUser@704f1591]" started-at="2026-01-12T09:21:13 IST" name="getResult" finished-at="2026-01-12T09:21:13 IST" duration-ms="7" status="PASS">
          <params>
            <param index="0">
              <value>
                <![CDATA[[TestResult name=LoginTestProblemUser status=SUCCESS method=LoginTest3ProblemUser.LoginTestProblemUser()[pri:1, instance:tests.LoginTest3ProblemUser@704f1591] output={null}]]]>
              </value>
            </param>
          </params>
          <reporter-output>
          </reporter-output>
        </test-method> <!-- getResult -->
        <test-method is-config="true" signature="tearDown()[pri:0, instance:tests.LoginTest3ProblemUser@704f1591]" started-at="2026-01-12T09:21:13 IST" name="tearDown" finished-at="2026-01-12T09:21:15 IST" duration-ms="1627" status="PASS">
          <reporter-output>
          </reporter-output>
        </test-method> <!-- tearDown -->
      </class> <!-- tests.LoginTest3ProblemUser -->
      <class name="tests.LoginTest">
        <test-method is-config="true" signature="startTest()[pri:0, instance:tests.LoginTest@5ee2b6f9]" started-at="2026-01-12T09:20:36 IST" name="startTest" finished-at="2026-01-12T09:20:36 IST" duration-ms="367" status="PASS">
          <reporter-output>
          </reporter-output>
        </test-method> <!-- startTest -->
        <test-method is-config="true" signature="setUp(java.lang.String)[pri:0, instance:tests.LoginTest@5ee2b6f9]" started-at="2026-01-12T09:20:36 IST" name="setUp" finished-at="2026-01-12T09:20:45 IST" duration-ms="9046" status="PASS">
          <params>
            <param index="0">
              <value>
                <![CDATA[firefox]]>
              </value>
            </param>
          </params>
          <reporter-output>
          </reporter-output>
        </test-method> <!-- setUp -->
        <test-method signature="LoginTest()[pri:1, instance:tests.LoginTest@5ee2b6f9]" started-at="2026-01-12T09:20:45 IST" name="LoginTest" finished-at="2026-01-12T09:20:47 IST" duration-ms="1321" status="PASS">
          <reporter-output>
          </reporter-output>
        </test-method> <!-- LoginTest -->
        <test-method is-config="true" signature="getResult(org.testng.ITestResult)[pri:0, instance:tests.LoginTest@5ee2b6f9]" started-at="2026-01-12T09:20:47 IST" name="getResult" finished-at="2026-01-12T09:20:47 IST" duration-ms="2" status="PASS">
          <params>
            <param index="0">
              <value>
                <![CDATA[[TestResult name=LoginTest status=SUCCESS method=LoginTest.LoginTest()[pri:1, instance:tests.LoginTest@5ee2b6f9] output={null}]]]>
              </value>
            </param>
          </params>
          <reporter-output>
          </reporter-output>
        </test-method> <!-- getResult -->
        <test-method is-config="true" signature="tearDown()[pri:0, instance:tests.LoginTest@5ee2b6f9]" started-at="2026-01-12T09:20:47 IST" name="tearDown" finished-at="2026-01-12T09:20:51 IST" duration-ms="4000" status="PASS">
          <reporter-output>
          </reporter-output>
        </test-method> <!-- tearDown -->
        <test-method is-config="true" signature="endReport()[pri:0, instance:tests.LoginTest@5ee2b6f9]" started-at="2026-01-12T09:21:16 IST" name="endReport" finished-at="2026-01-12T09:21:17 IST" duration-ms="840" status="PASS">
          <reporter-output>
          </reporter-output>
        </test-method> <!-- endReport -->
      </class> <!-- tests.LoginTest -->
      <class name="tests.EndToEndAutomation">
        <test-method is-config="true" signature="setUp(java.lang.String)[pri:0, instance:tests.EndToEndAutomation@58fb7731]" started-at="2026-01-12T09:20:51 IST" name="setUp" finished-at="2026-01-12T09:20:58 IST" duration-ms="7195" status="PASS">
          <params>
            <param index="0">
              <value>
                <![CDATA[firefox]]>
              </value>
            </param>
          </params>
          <reporter-output>
          </reporter-output>
        </test-method> <!-- setUp -->
        <test-method signature="LoginTest()[pri:1, instance:tests.EndToEndAutomation@58fb7731]" started-at="2026-01-12T09:20:58 IST" name="LoginTest" finished-at="2026-01-12T09:20:59 IST" duration-ms="772" status="PASS">
          <reporter-output>
          </reporter-output>
        </test-method> <!-- LoginTest -->
        <test-method is-config="true" signature="getResult(org.testng.ITestResult)[pri:0, instance:tests.EndToEndAutomation@58fb7731]" started-at="2026-01-12T09:20:59 IST" name="getResult" finished-at="2026-01-12T09:20:59 IST" duration-ms="1" status="PASS">
          <params>
            <param index="0">
              <value>
                <![CDATA[[TestResult name=LoginTest status=SUCCESS method=EndToEndAutomation.LoginTest()[pri:1, instance:tests.EndToEndAutomation@58fb7731] output={null}]]]>
              </value>
            </param>
          </params>
          <reporter-output>
          </reporter-output>
        </test-method> <!-- getResult -->
        <test-method signature="AddToCart()[pri:2, instance:tests.EndToEndAutomation@58fb7731]" started-at="2026-01-12T09:21:15 IST" name="AddToCart" finished-at="2026-01-12T09:21:15 IST" depends-on-methods="tests.EndToEndAutomation.LoginTest" duration-ms="236" status="PASS">
          <reporter-output>
          </reporter-output>
        </test-method> <!-- AddToCart -->
        <test-method is-config="true" signature="getResult(org.testng.ITestResult)[pri:0, instance:tests.EndToEndAutomation@58fb7731]" started-at="2026-01-12T09:21:15 IST" name="getResult" finished-at="2026-01-12T09:21:15 IST" duration-ms="1" status="PASS">
          <params>
            <param index="0">
              <value>
                <![CDATA[[TestResult name=AddToCart status=SUCCESS method=EndToEndAutomation.AddToCart()[pri:2, instance:tests.EndToEndAutomation@58fb7731] output={null}]]]>
              </value>
            </param>
          </params>
          <reporter-output>
          </reporter-output>
        </test-method> <!-- getResult -->
        <test-method signature="Checkout()[pri:3, instance:tests.EndToEndAutomation@58fb7731]" started-at="2026-01-12T09:21:15 IST" name="Checkout" finished-at="2026-01-12T09:21:15 IST" duration-ms="109" status="PASS">
          <reporter-output>
          </reporter-output>
        </test-method> <!-- Checkout -->
        <test-method is-config="true" signature="getResult(org.testng.ITestResult)[pri:0, instance:tests.EndToEndAutomation@58fb7731]" started-at="2026-01-12T09:21:15 IST" name="getResult" finished-at="2026-01-12T09:21:15 IST" duration-ms="1" status="PASS">
          <params>
            <param index="0">
              <value>
                <![CDATA[[TestResult name=Checkout status=SUCCESS method=EndToEndAutomation.Checkout()[pri:3, instance:tests.EndToEndAutomation@58fb7731] output={null}]]]>
              </value>
            </param>
          </params>
          <reporter-output>
          </reporter-output>
        </test-method> <!-- getResult -->
        <test-method signature="InputCheckoutFields()[pri:4, instance:tests.EndToEndAutomation@58fb7731]" started-at="2026-01-12T09:21:15 IST" name="InputCheckoutFields" finished-at="2026-01-12T09:21:16 IST" duration-ms="418" status="PASS">
          <reporter-output>
          </reporter-output>
        </test-method> <!-- InputCheckoutFields -->
        <test-method is-config="true" signature="getResult(org.testng.ITestResult)[pri:0, instance:tests.EndToEndAutomation@58fb7731]" started-at="2026-01-12T09:21:16 IST" name="getResult" finished-at="2026-01-12T09:21:16 IST" duration-ms="1" status="PASS">
          <params>
            <param index="0">
              <value>
                <![CDATA[[TestResult name=InputCheckoutFields status=SUCCESS method=EndToEndAutomation.InputCheckoutFields()[pri:4, instance:tests.EndToEndAutomation@58fb7731] output={null}]]]>
              </value>
            </param>
          </params>
          <reporter-output>
          </reporter-output>
        </test-method> <!-- getResult -->
        <test-method is-config="true" signature="tearDown()[pri:0, instance:tests.EndToEndAutomation@58fb7731]" started-at="2026-01-12T09:21:16 IST" name="tearDown" finished-at="2026-01-12T09:21:16 IST" duration-ms="0" status="PASS">
          <reporter-output>
          </reporter-output>
        </test-method> <!-- tearDown -->
      </class> <!-- tests.EndToEndAutomation -->
      <class name="tests.LoginTest2Locked">
        <test-method is-config="true" signature="setUp(java.lang.String)[pri:0, instance:tests.LoginTest2Locked@23d1e5d0]" started-at="2026-01-12T09:20:59 IST" name="setUp" finished-at="2026-01-12T09:21:05 IST" duration-ms="6352" status="PASS">
          <params>
            <param index="0">
              <value>
                <![CDATA[firefox]]>
              </value>
            </param>
          </params>
          <reporter-output>
          </reporter-output>
        </test-method> <!-- setUp -->
        <test-method signature="LoginTestLockedUser()[pri:1, instance:tests.LoginTest2Locked@23d1e5d0]" started-at="2026-01-12T09:21:05 IST" name="LoginTestLockedUser" finished-at="2026-01-12T09:21:06 IST" duration-ms="784" status="PASS">
          <reporter-output>
          </reporter-output>
        </test-method> <!-- LoginTestLockedUser -->
        <test-method is-config="true" signature="getResult(org.testng.ITestResult)[pri:0, instance:tests.LoginTest2Locked@23d1e5d0]" started-at="2026-01-12T09:21:06 IST" name="getResult" finished-at="2026-01-12T09:21:06 IST" duration-ms="2" status="PASS">
          <params>
            <param index="0">
              <value>
                <![CDATA[[TestResult name=LoginTestLockedUser status=SUCCESS method=LoginTest2Locked.LoginTestLockedUser()[pri:1, instance:tests.LoginTest2Locked@23d1e5d0] output={null}]]]>
              </value>
            </param>
          </params>
          <reporter-output>
          </reporter-output>
        </test-method> <!-- getResult -->
        <test-method is-config="true" signature="tearDown()[pri:0, instance:tests.LoginTest2Locked@23d1e5d0]" started-at="2026-01-12T09:21:06 IST" name="tearDown" finished-at="2026-01-12T09:21:07 IST" duration-ms="1618" status="PASS">
          <reporter-output>
          </reporter-output>
        </test-method> <!-- tearDown -->
      </class> <!-- tests.LoginTest2Locked -->
    </test> <!-- Firefox Test -->
  </suite> <!-- Parallel Suite -->
</testng-results>
