<?xml version="1.0" encoding="UTF-8"?>
<testng-results ignored="0" total="2" passed="2" failed="0" skipped="0">
  <reporter-output>
  </reporter-output>
  <suite started-at="2025-11-25T16:59:57 IST" name="Regression Suite" finished-at="2025-11-25T17:00:13 IST" duration-ms="15659">
    <groups>
    </groups>
    <test started-at="2025-11-25T16:59:57 IST" name="Chrome Test" finished-at="2025-11-25T17:00:12 IST" duration-ms="15059">
      <class name="tests.LoginTest">
        <test-method is-config="true" signature="startTest()[pri:0, instance:tests.LoginTest@37efd131]" started-at="2025-11-25T16:59:57 IST" name="startTest" finished-at="2025-11-25T16:59:57 IST" duration-ms="312" status="PASS">
          <reporter-output>
          </reporter-output>
        </test-method> <!-- startTest -->
        <test-method is-config="true" signature="setUp(java.lang.String)[pri:0, instance:tests.LoginTest@37efd131]" started-at="2025-11-25T16:59:57 IST" name="setUp" finished-at="2025-11-25T17:00:09 IST" duration-ms="11521" status="PASS">
          <params>
            <param index="0">
              <value>
                <![CDATA[chrome]]>
              </value>
            </param>
          </params>
          <reporter-output>
          </reporter-output>
        </test-method> <!-- setUp -->
        <test-method signature="LoginTest()[pri:1, instance:tests.LoginTest@37efd131]" started-at="2025-11-25T17:00:09 IST" name="LoginTest" finished-at="2025-11-25T17:00:11 IST" duration-ms="2109" status="PASS">
          <reporter-output>
          </reporter-output>
        </test-method> <!-- LoginTest -->
        <test-method is-config="true" signature="getResult(org.testng.ITestResult)[pri:0, instance:tests.LoginTest@37efd131]" started-at="2025-11-25T17:00:11 IST" name="getResult" finished-at="2025-11-25T17:00:11 IST" duration-ms="1" status="PASS">
          <params>
            <param index="0">
              <value>
                <![CDATA[[TestResult name=LoginTest status=SUCCESS method=LoginTest.LoginTest()[pri:1, instance:tests.LoginTest@37efd131] output={null}]]]>
              </value>
            </param>
          </params>
          <reporter-output>
          </reporter-output>
        </test-method> <!-- getResult -->
        <test-method is-config="true" signature="tearDown()[pri:0, instance:tests.LoginTest@37efd131]" started-at="2025-11-25T17:00:11 IST" name="tearDown" finished-at="2025-11-25T17:00:11 IST" duration-ms="291" status="PASS">
          <reporter-output>
          </reporter-output>
        </test-method> <!-- tearDown -->
        <test-method is-config="true" signature="endReport()[pri:0, instance:tests.LoginTest@37efd131]" started-at="2025-11-25T17:00:11 IST" name="endReport" finished-at="2025-11-25T17:00:12 IST" duration-ms="778" status="PASS">
          <reporter-output>
          </reporter-output>
        </test-method> <!-- endReport -->
      </class> <!-- tests.LoginTest -->
    </test> <!-- Chrome Test -->
    <test started-at="2025-11-25T16:59:57 IST" name="Firefox Test" finished-at="2025-11-25T17:00:13 IST" duration-ms="15659">
      <class name="tests.LoginTest">
        <test-method is-config="true" signature="startTest()[pri:0, instance:tests.LoginTest@55562aa9]" started-at="2025-11-25T16:59:57 IST" name="startTest" finished-at="2025-11-25T16:59:57 IST" duration-ms="312" status="PASS">
          <reporter-output>
          </reporter-output>
        </test-method> <!-- startTest -->
        <test-method is-config="true" signature="setUp(java.lang.String)[pri:0, instance:tests.LoginTest@55562aa9]" started-at="2025-11-25T16:59:57 IST" name="setUp" finished-at="2025-11-25T17:00:09 IST" duration-ms="11656" status="PASS">
          <params>
            <param index="0">
              <value>
                <![CDATA[firefox]]>
              </value>
            </param>
          </params>
          <reporter-output>
          </reporter-output>
        </test-method> <!-- setUp -->
        <test-method signature="LoginTest()[pri:1, instance:tests.LoginTest@55562aa9]" started-at="2025-11-25T17:00:09 IST" name="LoginTest" finished-at="2025-11-25T17:00:11 IST" duration-ms="1782" status="PASS">
          <reporter-output>
          </reporter-output>
        </test-method> <!-- LoginTest -->
        <test-method is-config="true" signature="getResult(org.testng.ITestResult)[pri:0, instance:tests.LoginTest@55562aa9]" started-at="2025-11-25T17:00:11 IST" name="getResult" finished-at="2025-11-25T17:00:11 IST" duration-ms="15" status="PASS">
          <params>
            <param index="0">
              <value>
                <![CDATA[[TestResult name=LoginTest status=SUCCESS method=LoginTest.LoginTest()[pri:1, instance:tests.LoginTest@55562aa9] output={null}]]]>
              </value>
            </param>
          </params>
          <reporter-output>
          </reporter-output>
        </test-method> <!-- getResult -->
        <test-method is-config="true" signature="tearDown()[pri:0, instance:tests.LoginTest@55562aa9]" started-at="2025-11-25T17:00:11 IST" name="tearDown" finished-at="2025-11-25T17:00:13 IST" duration-ms="1735" status="PASS">
          <reporter-output>
          </reporter-output>
        </test-method> <!-- tearDown -->
        <test-method is-config="true" signature="endReport()[pri:0, instance:tests.LoginTest@55562aa9]" started-at="2025-11-25T17:00:13 IST" name="endReport" finished-at="2025-11-25T17:00:13 IST" duration-ms="122" status="PASS">
          <reporter-output>
          </reporter-output>
        </test-method> <!-- endReport -->
      </class> <!-- tests.LoginTest -->
    </test> <!-- Firefox Test -->
  </suite> <!-- Regression Suite -->
</testng-results>
