<?xml version="1.0" encoding="UTF-8"?>
<testng-results ignored="0" total="2" passed="2" failed="0" skipped="0">
  <reporter-output>
  </reporter-output>
  <suite started-at="2025-11-25T19:13:53 IST" name="Regression Suite" finished-at="2025-11-25T19:14:04 IST" duration-ms="11011">
    <groups>
    </groups>
    <test started-at="2025-11-25T19:13:53 IST" name="Chrome Test" finished-at="2025-11-25T19:14:02 IST" duration-ms="8341">
      <class name="tests.LoginTest">
        <test-method is-config="true" signature="startTest()[pri:0, instance:tests.LoginTest@77a7cf58]" started-at="2025-11-25T19:13:53 IST" name="startTest" finished-at="2025-11-25T19:13:53 IST" duration-ms="225" status="PASS">
          <reporter-output>
          </reporter-output>
        </test-method> <!-- startTest -->
        <test-method is-config="true" signature="setUp(java.lang.String)[pri:0, instance:tests.LoginTest@77a7cf58]" started-at="2025-11-25T19:13:53 IST" name="setUp" finished-at="2025-11-25T19:13:58 IST" duration-ms="4160" status="PASS">
          <params>
            <param index="0">
              <value>
                <![CDATA[chrome]]>
              </value>
            </param>
          </params>
          <reporter-output>
          </reporter-output>
        </test-method> <!-- setUp -->
        <test-method signature="LoginTest()[pri:1, instance:tests.LoginTest@77a7cf58]" started-at="2025-11-25T19:13:58 IST" name="LoginTest" finished-at="2025-11-25T19:13:59 IST" duration-ms="1484" status="PASS">
          <reporter-output>
          </reporter-output>
        </test-method> <!-- LoginTest -->
        <test-method is-config="true" signature="getResult(org.testng.ITestResult)[pri:0, instance:tests.LoginTest@77a7cf58]" started-at="2025-11-25T19:13:59 IST" name="getResult" finished-at="2025-11-25T19:13:59 IST" duration-ms="17" status="PASS">
          <params>
            <param index="0">
              <value>
                <![CDATA[[TestResult name=LoginTest status=SUCCESS method=LoginTest.LoginTest()[pri:1, instance:tests.LoginTest@77a7cf58] output={null}]]]>
              </value>
            </param>
          </params>
          <reporter-output>
          </reporter-output>
        </test-method> <!-- getResult -->
        <test-method is-config="true" signature="tearDown()[pri:0, instance:tests.LoginTest@77a7cf58]" started-at="2025-11-25T19:13:59 IST" name="tearDown" finished-at="2025-11-25T19:14:00 IST" duration-ms="585" status="PASS">
          <reporter-output>
          </reporter-output>
        </test-method> <!-- tearDown -->
        <test-method is-config="true" signature="endReport()[pri:0, instance:tests.LoginTest@77a7cf58]" started-at="2025-11-25T19:14:00 IST" name="endReport" finished-at="2025-11-25T19:14:02 IST" duration-ms="1822" status="PASS">
          <reporter-output>
          </reporter-output>
        </test-method> <!-- endReport -->
      </class> <!-- tests.LoginTest -->
    </test> <!-- Chrome Test -->
    <test started-at="2025-11-25T19:13:53 IST" name="Firefox Test" finished-at="2025-11-25T19:14:04 IST" duration-ms="11011">
      <class name="tests.LoginTest">
        <test-method is-config="true" signature="startTest()[pri:0, instance:tests.LoginTest@25e2ab5a]" started-at="2025-11-25T19:13:53 IST" name="startTest" finished-at="2025-11-25T19:13:53 IST" duration-ms="225" status="PASS">
          <reporter-output>
          </reporter-output>
        </test-method> <!-- startTest -->
        <test-method is-config="true" signature="setUp(java.lang.String)[pri:0, instance:tests.LoginTest@25e2ab5a]" started-at="2025-11-25T19:13:53 IST" name="setUp" finished-at="2025-11-25T19:14:02 IST" duration-ms="8691" status="PASS">
          <params>
            <param index="0">
              <value>
                <![CDATA[firefox]]>
              </value>
            </param>
          </params>
          <reporter-output>
          </reporter-output>
        </test-method> <!-- setUp -->
        <test-method signature="LoginTest()[pri:1, instance:tests.LoginTest@25e2ab5a]" started-at="2025-11-25T19:14:02 IST" name="LoginTest" finished-at="2025-11-25T19:14:03 IST" duration-ms="758" status="PASS">
          <reporter-output>
          </reporter-output>
        </test-method> <!-- LoginTest -->
        <test-method is-config="true" signature="getResult(org.testng.ITestResult)[pri:0, instance:tests.LoginTest@25e2ab5a]" started-at="2025-11-25T19:14:03 IST" name="getResult" finished-at="2025-11-25T19:14:03 IST" duration-ms="1" status="PASS">
          <params>
            <param index="0">
              <value>
                <![CDATA[[TestResult name=LoginTest status=SUCCESS method=LoginTest.LoginTest()[pri:1, instance:tests.LoginTest@25e2ab5a] output={null}]]]>
              </value>
            </param>
          </params>
          <reporter-output>
          </reporter-output>
        </test-method> <!-- getResult -->
        <test-method is-config="true" signature="tearDown()[pri:0, instance:tests.LoginTest@25e2ab5a]" started-at="2025-11-25T19:14:03 IST" name="tearDown" finished-at="2025-11-25T19:14:04 IST" duration-ms="1173" status="PASS">
          <reporter-output>
          </reporter-output>
        </test-method> <!-- tearDown -->
        <test-method is-config="true" signature="endReport()[pri:0, instance:tests.LoginTest@25e2ab5a]" started-at="2025-11-25T19:14:04 IST" name="endReport" finished-at="2025-11-25T19:14:04 IST" duration-ms="133" status="PASS">
          <reporter-output>
          </reporter-output>
        </test-method> <!-- endReport -->
      </class> <!-- tests.LoginTest -->
    </test> <!-- Firefox Test -->
  </suite> <!-- Regression Suite -->
</testng-results>
