<?xml version="1.0" encoding="UTF-8"?>
<testng-results ignored="0" total="3" passed="3" failed="0" skipped="0">
  <reporter-output>
  </reporter-output>
  <suite started-at="2025-12-20T14:41:47 IST" name="Default suite" finished-at="2025-12-20T14:41:48 IST" duration-ms="744">
    <groups>
    </groups>
    <test started-at="2025-12-20T14:41:47 IST" name="Default test" finished-at="2025-12-20T14:41:48 IST" duration-ms="744">
      <class name="ExcelData.DataProvider">
        <test-method signature="GetDataFromExcel(java.lang.String,java.lang.String)[pri:0, instance:ExcelData.DataProvider@1af687fe]" started-at="2025-12-20T14:41:48 IST" name="GetDataFromExcel" data-provider="DataSupplier" finished-at="2025-12-20T14:41:48 IST" duration-ms="14" status="PASS">
          <params>
            <param index="0">
              <value>
                <![CDATA[user1]]>
              </value>
            </param>
            <param index="1">
              <value>
                <![CDATA[Pass1]]>
              </value>
            </param>
          </params>
          <reporter-output>
          </reporter-output>
        </test-method> <!-- GetDataFromExcel -->
        <test-method signature="GetDataFromExcel(java.lang.String,java.lang.String)[pri:0, instance:ExcelData.DataProvider@1af687fe]" started-at="2025-12-20T14:41:48 IST" name="GetDataFromExcel" data-provider="DataSupplier" finished-at="2025-12-20T14:41:48 IST" duration-ms="5" status="PASS">
          <params>
            <param index="0">
              <value>
                <![CDATA[user2]]>
              </value>
            </param>
            <param index="1">
              <value>
                <![CDATA[Pass2]]>
              </value>
            </param>
          </params>
          <reporter-output>
          </reporter-output>
        </test-method> <!-- GetDataFromExcel -->
        <test-method signature="GetDataFromExcel(java.lang.String,java.lang.String)[pri:0, instance:ExcelData.DataProvider@1af687fe]" started-at="2025-12-20T14:41:48 IST" name="GetDataFromExcel" data-provider="DataSupplier" finished-at="2025-12-20T14:41:48 IST" duration-ms="9" status="PASS">
          <params>
            <param index="0">
              <value>
                <![CDATA[user3]]>
              </value>
            </param>
            <param index="1">
              <value>
                <![CDATA[Pass3]]>
              </value>
            </param>
          </params>
          <reporter-output>
          </reporter-output>
        </test-method> <!-- GetDataFromExcel -->
      </class> <!-- ExcelData.DataProvider -->
    </test> <!-- Default test -->
  </suite> <!-- Default suite -->
</testng-results>
