<?xml version="1.0" encoding="UTF-8"?>
<testng-results ignored="8" total="14" passed="6" failed="0" skipped="0">
  <reporter-output>
  </reporter-output>
  <suite started-at="2025-12-02T10:54:40 IST" name="Regression Suite" finished-at="2025-12-02T10:55:22 IST" duration-ms="42309">
    <groups>
    </groups>
    <test started-at="2025-12-02T10:54:40 IST" name="Chrome Test" finished-at="2025-12-02T10:55:03 IST" duration-ms="22975">
      <class name="tests.LoginTest3ProblemUser">
        <test-method is-config="true" signature="setUp(java.lang.String)[pri:0, instance:tests.LoginTest3ProblemUser@77a98a6a]" started-at="2025-12-02T10:54:58 IST" name="setUp" finished-at="2025-12-02T10:55:01 IST" duration-ms="3414" status="PASS">
          <params>
            <param index="0">
              <value>
                <![CDATA[chrome]]>
              </value>
            </param>
          </params>
          <reporter-output>
          </reporter-output>
        </test-method> <!-- setUp -->
        <test-method signature="LoginTestProblemUser()[pri:1, instance:tests.LoginTest3ProblemUser@77a98a6a]" started-at="2025-12-02T10:55:01 IST" name="LoginTestProblemUser" finished-at="2025-12-02T10:55:02 IST" duration-ms="614" status="PASS">
          <reporter-output>
          </reporter-output>
        </test-method> <!-- LoginTestProblemUser -->
        <test-method is-config="true" signature="getResult(org.testng.ITestResult)[pri:0, instance:tests.LoginTest3ProblemUser@77a98a6a]" started-at="2025-12-02T10:55:02 IST" name="getResult" finished-at="2025-12-02T10:55:02 IST" duration-ms="1" status="PASS">
          <params>
            <param index="0">
              <value>
                <![CDATA[[TestResult name=LoginTestProblemUser status=SUCCESS method=LoginTest3ProblemUser.LoginTestProblemUser()[pri:1, instance:tests.LoginTest3ProblemUser@77a98a6a] output={null}]]]>
              </value>
            </param>
          </params>
          <reporter-output>
          </reporter-output>
        </test-method> <!-- getResult -->
        <test-method is-config="true" signature="tearDown()[pri:0, instance:tests.LoginTest3ProblemUser@77a98a6a]" started-at="2025-12-02T10:55:02 IST" name="tearDown" finished-at="2025-12-02T10:55:03 IST" duration-ms="1201" status="PASS">
          <reporter-output>
          </reporter-output>
        </test-method> <!-- tearDown -->
      </class> <!-- tests.LoginTest3ProblemUser -->
      <class name="tests.LoginTest">
        <test-method is-config="true" signature="setUp(java.lang.String)[pri:0, instance:tests.LoginTest@75b25825]" started-at="2025-12-02T10:54:40 IST" name="setUp" finished-at="2025-12-02T10:54:51 IST" duration-ms="10733" status="PASS">
          <params>
            <param index="0">
              <value>
                <![CDATA[chrome]]>
              </value>
            </param>
          </params>
          <reporter-output>
          </reporter-output>
        </test-method> <!-- setUp -->
        <test-method signature="LoginTest()[pri:1, instance:tests.LoginTest@75b25825]" started-at="2025-12-02T10:54:51 IST" name="LoginTest" finished-at="2025-12-02T10:54:53 IST" duration-ms="2388" status="PASS">
          <reporter-output>
          </reporter-output>
        </test-method> <!-- LoginTest -->
        <test-method is-config="true" signature="getResult(org.testng.ITestResult)[pri:0, instance:tests.LoginTest@75b25825]" started-at="2025-12-02T10:54:53 IST" name="getResult" finished-at="2025-12-02T10:54:53 IST" duration-ms="21" status="PASS">
          <params>
            <param index="0">
              <value>
                <![CDATA[[TestResult name=LoginTest status=SUCCESS method=LoginTest.LoginTest()[pri:1, instance:tests.LoginTest@75b25825] output={null}]]]>
              </value>
            </param>
          </params>
          <reporter-output>
          </reporter-output>
        </test-method> <!-- getResult -->
        <test-method is-config="true" signature="tearDown()[pri:0, instance:tests.LoginTest@75b25825]" started-at="2025-12-02T10:54:53 IST" name="tearDown" finished-at="2025-12-02T10:54:54 IST" duration-ms="454" status="PASS">
          <reporter-output>
          </reporter-output>
        </test-method> <!-- tearDown -->
      </class> <!-- tests.LoginTest -->
      <class name="tests.LoginTest2Locked">
        <test-method is-config="true" signature="setUp(java.lang.String)[pri:0, instance:tests.LoginTest2Locked@3f0846c6]" started-at="2025-12-02T10:54:54 IST" name="setUp" finished-at="2025-12-02T10:54:56 IST" duration-ms="2735" status="PASS">
          <params>
            <param index="0">
              <value>
                <![CDATA[chrome]]>
              </value>
            </param>
          </params>
          <reporter-output>
          </reporter-output>
        </test-method> <!-- setUp -->
        <test-method signature="LoginTestLockedUser()[pri:1, instance:tests.LoginTest2Locked@3f0846c6]" started-at="2025-12-02T10:54:56 IST" name="LoginTestLockedUser" finished-at="2025-12-02T10:54:57 IST" duration-ms="841" status="PASS">
          <reporter-output>
          </reporter-output>
        </test-method> <!-- LoginTestLockedUser -->
        <test-method is-config="true" signature="getResult(org.testng.ITestResult)[pri:0, instance:tests.LoginTest2Locked@3f0846c6]" started-at="2025-12-02T10:54:57 IST" name="getResult" finished-at="2025-12-02T10:54:57 IST" duration-ms="1" status="PASS">
          <params>
            <param index="0">
              <value>
                <![CDATA[[TestResult name=LoginTestLockedUser status=SUCCESS method=LoginTest2Locked.LoginTestLockedUser()[pri:1, instance:tests.LoginTest2Locked@3f0846c6] output={null}]]]>
              </value>
            </param>
          </params>
          <reporter-output>
          </reporter-output>
        </test-method> <!-- getResult -->
        <test-method is-config="true" signature="tearDown()[pri:0, instance:tests.LoginTest2Locked@3f0846c6]" started-at="2025-12-02T10:54:57 IST" name="tearDown" finished-at="2025-12-02T10:54:58 IST" duration-ms="507" status="PASS">
          <reporter-output>
          </reporter-output>
        </test-method> <!-- tearDown -->
      </class> <!-- tests.LoginTest2Locked -->
    </test> <!-- Chrome Test -->
    <test started-at="2025-12-02T10:54:40 IST" name="Firefox Test" finished-at="2025-12-02T10:55:22 IST" duration-ms="42309">
      <class name="tests.LoginTest3ProblemUser">
        <test-method is-config="true" signature="setUp(java.lang.String)[pri:0, instance:tests.LoginTest3ProblemUser@7756c3cd]" started-at="2025-12-02T10:55:10 IST" name="setUp" finished-at="2025-12-02T10:55:18 IST" duration-ms="8057" status="PASS">
          <params>
            <param index="0">
              <value>
                <![CDATA[firefox]]>
              </value>
            </param>
          </params>
          <reporter-output>
          </reporter-output>
        </test-method> <!-- setUp -->
        <test-method signature="LoginTestProblemUser()[pri:1, instance:tests.LoginTest3ProblemUser@7756c3cd]" started-at="2025-12-02T10:55:18 IST" name="LoginTestProblemUser" finished-at="2025-12-02T10:55:18 IST" duration-ms="425" status="PASS">
          <reporter-output>
          </reporter-output>
        </test-method> <!-- LoginTestProblemUser -->
        <test-method is-config="true" signature="getResult(org.testng.ITestResult)[pri:0, instance:tests.LoginTest3ProblemUser@7756c3cd]" started-at="2025-12-02T10:55:18 IST" name="getResult" finished-at="2025-12-02T10:55:18 IST" duration-ms="1" status="PASS">
          <params>
            <param index="0">
              <value>
                <![CDATA[[TestResult name=LoginTestProblemUser status=SUCCESS method=LoginTest3ProblemUser.LoginTestProblemUser()[pri:1, instance:tests.LoginTest3ProblemUser@7756c3cd] output={null}]]]>
              </value>
            </param>
          </params>
          <reporter-output>
          </reporter-output>
        </test-method> <!-- getResult -->
        <test-method is-config="true" signature="tearDown()[pri:0, instance:tests.LoginTest3ProblemUser@7756c3cd]" started-at="2025-12-02T10:55:18 IST" name="tearDown" finished-at="2025-12-02T10:55:22 IST" duration-ms="3887" status="PASS">
          <reporter-output>
          </reporter-output>
        </test-method> <!-- tearDown -->
      </class> <!-- tests.LoginTest3ProblemUser -->
      <class name="tests.LoginTest">
        <test-method is-config="true" signature="startTest()[pri:0, instance:tests.LoginTest@4d18aa28]" started-at="2025-12-02T10:54:40 IST" name="startTest" finished-at="2025-12-02T10:54:40 IST" duration-ms="303" status="PASS">
          <reporter-output>
          </reporter-output>
        </test-method> <!-- startTest -->
        <test-method is-config="true" signature="setUp(java.lang.String)[pri:0, instance:tests.LoginTest@4d18aa28]" started-at="2025-12-02T10:54:40 IST" name="setUp" finished-at="2025-12-02T10:54:53 IST" duration-ms="12693" status="PASS">
          <params>
            <param index="0">
              <value>
                <![CDATA[firefox]]>
              </value>
            </param>
          </params>
          <reporter-output>
          </reporter-output>
        </test-method> <!-- setUp -->
        <test-method signature="LoginTest()[pri:1, instance:tests.LoginTest@4d18aa28]" started-at="2025-12-02T10:54:53 IST" name="LoginTest" finished-at="2025-12-02T10:54:53 IST" duration-ms="742" status="PASS">
          <reporter-output>
          </reporter-output>
        </test-method> <!-- LoginTest -->
        <test-method is-config="true" signature="getResult(org.testng.ITestResult)[pri:0, instance:tests.LoginTest@4d18aa28]" started-at="2025-12-02T10:54:53 IST" name="getResult" finished-at="2025-12-02T10:54:53 IST" duration-ms="2" status="PASS">
          <params>
            <param index="0">
              <value>
                <![CDATA[[TestResult name=LoginTest status=SUCCESS method=LoginTest.LoginTest()[pri:1, instance:tests.LoginTest@4d18aa28] output={null}]]]>
              </value>
            </param>
          </params>
          <reporter-output>
          </reporter-output>
        </test-method> <!-- getResult -->
        <test-method is-config="true" signature="tearDown()[pri:0, instance:tests.LoginTest@4d18aa28]" started-at="2025-12-02T10:54:53 IST" name="tearDown" finished-at="2025-12-02T10:54:56 IST" duration-ms="2415" status="PASS">
          <reporter-output>
          </reporter-output>
        </test-method> <!-- tearDown -->
        <test-method is-config="true" signature="endReport()[pri:0, instance:tests.LoginTest@4d18aa28]" started-at="2025-12-02T10:55:22 IST" name="endReport" finished-at="2025-12-02T10:55:23 IST" duration-ms="479" status="PASS">
          <reporter-output>
          </reporter-output>
        </test-method> <!-- endReport -->
      </class> <!-- tests.LoginTest -->
      <class name="tests.LoginTest2Locked">
        <test-method is-config="true" signature="setUp(java.lang.String)[pri:0, instance:tests.LoginTest2Locked@75390459]" started-at="2025-12-02T10:54:56 IST" name="setUp" finished-at="2025-12-02T10:55:07 IST" duration-ms="11232" status="PASS">
          <params>
            <param index="0">
              <value>
                <![CDATA[firefox]]>
              </value>
            </param>
          </params>
          <reporter-output>
          </reporter-output>
        </test-method> <!-- setUp -->
        <test-method signature="LoginTestLockedUser()[pri:1, instance:tests.LoginTest2Locked@75390459]" started-at="2025-12-02T10:55:07 IST" name="LoginTestLockedUser" finished-at="2025-12-02T10:55:08 IST" duration-ms="722" status="PASS">
          <reporter-output>
          </reporter-output>
        </test-method> <!-- LoginTestLockedUser -->
        <test-method is-config="true" signature="getResult(org.testng.ITestResult)[pri:0, instance:tests.LoginTest2Locked@75390459]" started-at="2025-12-02T10:55:08 IST" name="getResult" finished-at="2025-12-02T10:55:08 IST" duration-ms="8" status="PASS">
          <params>
            <param index="0">
              <value>
                <![CDATA[[TestResult name=LoginTestLockedUser status=SUCCESS method=LoginTest2Locked.LoginTestLockedUser()[pri:1, instance:tests.LoginTest2Locked@75390459] output={null}]]]>
              </value>
            </param>
          </params>
          <reporter-output>
          </reporter-output>
        </test-method> <!-- getResult -->
        <test-method is-config="true" signature="tearDown()[pri:0, instance:tests.LoginTest2Locked@75390459]" started-at="2025-12-02T10:55:08 IST" name="tearDown" finished-at="2025-12-02T10:55:10 IST" duration-ms="2083" status="PASS">
          <reporter-output>
          </reporter-output>
        </test-method> <!-- tearDown -->
      </class> <!-- tests.LoginTest2Locked -->
    </test> <!-- Firefox Test -->
  </suite> <!-- Regression Suite -->
</testng-results>
