<?xml version="1.0" encoding="UTF-8"?>
<testng-results ignored="0" total="6" passed="5" failed="1" skipped="0">
  <reporter-output>
  </reporter-output>
  <suite started-at="2025-12-01T08:37:40 IST" name="Smoke Suite" finished-at="2025-12-01T08:38:45 IST" duration-ms="64951">
    <groups>
      <group name="cucumber">
        <method signature="AbstractTestNGCucumberTests.runScenario(io.cucumber.testng.PickleWrapper,io.cucumber.testng.FeatureWrapper)[pri:0, instance:runners.TestRunner1@20a14b55]" name="runScenario" class="io.cucumber.testng.AbstractTestNGCucumberTests"/>
      </group> <!-- cucumber -->
    </groups>
    <test started-at="2025-12-01T08:37:40 IST" name="Chrome Test" finished-at="2025-12-01T08:38:45 IST" duration-ms="64951">
      <class name="runners.TestRunner1">
        <test-method is-config="true" signature="setUpClass(org.testng.ITestContext)[pri:0, instance:runners.TestRunner1@20a14b55]" started-at="2025-12-01T08:37:40 IST" name="setUpClass" finished-at="2025-12-01T08:37:41 IST" duration-ms="988" status="PASS">
          <params>
            <param index="0">
              <value>
                <![CDATA[org.testng.TestRunner@62dae540]]>
              </value>
            </param>
          </params>
          <reporter-output>
          </reporter-output>
        </test-method> <!-- setUpClass -->
        <test-method signature="runScenario(io.cucumber.testng.PickleWrapper,io.cucumber.testng.FeatureWrapper)[pri:0, instance:runners.TestRunner1@20a14b55]" started-at="2025-12-01T08:37:41 IST" name="runScenario" description="Runs Cucumber Scenarios" data-provider="scenarios" finished-at="2025-12-01T08:37:46 IST" duration-ms="4823" status="PASS">
          <params>
            <param index="0">
              <value>
                <![CDATA["Validate login with multiple credential sets"]]>
              </value>
            </param>
            <param index="1">
              <value>
                <![CDATA["Sauce Demo Login Validation"]]>
              </value>
            </param>
          </params>
          <reporter-output>
          </reporter-output>
        </test-method> <!-- runScenario -->
        <test-method signature="runScenario(io.cucumber.testng.PickleWrapper,io.cucumber.testng.FeatureWrapper)[pri:0, instance:runners.TestRunner1@20a14b55]" started-at="2025-12-01T08:37:46 IST" name="runScenario" description="Runs Cucumber Scenarios" data-provider="scenarios" finished-at="2025-12-01T08:37:59 IST" duration-ms="13256" status="FAIL">
          <params>
            <param index="0">
              <value>
                <![CDATA["Validate login with multiple credential sets"]]>
              </value>
            </param>
            <param index="1">
              <value>
                <![CDATA["Sauce Demo Login Validation"]]>
              </value>
            </param>
          </params>
          <exception class="java.lang.AssertionError">
            <message>
              <![CDATA[Expected error not found. Actual: Epic sadface: Sorry, this user has been locked out. expected [true] but found [false]]]>
            </message>
            <full-stacktrace>
              <![CDATA[java.lang.AssertionError: Expected error not found. Actual: Epic sadface: Sorry, this user has been locked out. expected [true] but found [false]
at org.testng.Assert.fail(Assert.java:110)
at org.testng.Assert.failNotEquals(Assert.java:1413)
at org.testng.Assert.assertTrue(Assert.java:56)
at stepDefinitions.LoginStepsForSauceDemo.the_user_should_see(LoginStepsForSauceDemo.java:55)
at ✽.the user should see "Epic sadface: Sorry, this user is locked out."(file:///D:/BDDWithDDT/src/test/resources/features/SauceDemoLogin.feature:12)
]]>
            </full-stacktrace>
          </exception> <!-- java.lang.AssertionError -->
          <reporter-output>
          </reporter-output>
        </test-method> <!-- runScenario -->
        <test-method signature="runScenario(io.cucumber.testng.PickleWrapper,io.cucumber.testng.FeatureWrapper)[pri:0, instance:runners.TestRunner1@20a14b55]" started-at="2025-12-01T08:37:59 IST" name="runScenario" description="Runs Cucumber Scenarios" data-provider="scenarios" finished-at="2025-12-01T08:38:02 IST" duration-ms="2913" status="PASS">
          <params>
            <param index="0">
              <value>
                <![CDATA["Validate login with multiple credential sets"]]>
              </value>
            </param>
            <param index="1">
              <value>
                <![CDATA["Sauce Demo Login Validation"]]>
              </value>
            </param>
          </params>
          <reporter-output>
          </reporter-output>
        </test-method> <!-- runScenario -->
        <test-method signature="runScenario(io.cucumber.testng.PickleWrapper,io.cucumber.testng.FeatureWrapper)[pri:0, instance:runners.TestRunner1@20a14b55]" started-at="2025-12-01T08:38:02 IST" name="runScenario" description="Runs Cucumber Scenarios" data-provider="scenarios" finished-at="2025-12-01T08:38:15 IST" duration-ms="12983" status="PASS">
          <params>
            <param index="0">
              <value>
                <![CDATA["Validate login with multiple credential sets"]]>
              </value>
            </param>
            <param index="1">
              <value>
                <![CDATA["Sauce Demo Login Validation"]]>
              </value>
            </param>
          </params>
          <reporter-output>
          </reporter-output>
        </test-method> <!-- runScenario -->
        <test-method signature="runScenario(io.cucumber.testng.PickleWrapper,io.cucumber.testng.FeatureWrapper)[pri:0, instance:runners.TestRunner1@20a14b55]" started-at="2025-12-01T08:38:15 IST" name="runScenario" description="Runs Cucumber Scenarios" data-provider="scenarios" finished-at="2025-12-01T08:38:28 IST" duration-ms="12961" status="PASS">
          <params>
            <param index="0">
              <value>
                <![CDATA["Validate login with multiple credential sets"]]>
              </value>
            </param>
            <param index="1">
              <value>
                <![CDATA["Sauce Demo Login Validation"]]>
              </value>
            </param>
          </params>
          <reporter-output>
          </reporter-output>
        </test-method> <!-- runScenario -->
        <test-method signature="runScenario(io.cucumber.testng.PickleWrapper,io.cucumber.testng.FeatureWrapper)[pri:0, instance:runners.TestRunner1@20a14b55]" started-at="2025-12-01T08:38:28 IST" name="runScenario" description="Runs Cucumber Scenarios" data-provider="scenarios" finished-at="2025-12-01T08:38:41 IST" duration-ms="12692" status="PASS">
          <params>
            <param index="0">
              <value>
                <![CDATA["Validate login with multiple credential sets"]]>
              </value>
            </param>
            <param index="1">
              <value>
                <![CDATA["Sauce Demo Login Validation"]]>
              </value>
            </param>
          </params>
          <reporter-output>
          </reporter-output>
        </test-method> <!-- runScenario -->
        <test-method is-config="true" signature="tearDownClass()[pri:0, instance:runners.TestRunner1@20a14b55]" started-at="2025-12-01T08:38:41 IST" name="tearDownClass" finished-at="2025-12-01T08:38:45 IST" duration-ms="4278" status="PASS">
          <reporter-output>
          </reporter-output>
        </test-method> <!-- tearDownClass -->
      </class> <!-- runners.TestRunner1 -->
    </test> <!-- Chrome Test -->
  </suite> <!-- Smoke Suite -->
</testng-results>
