<?xml version="1.0" encoding="UTF-8"?>
<testng-results ignored="12" total="26" passed="14" failed="0" skipped="0">
  <reporter-output>
  </reporter-output>
  <suite started-at="2026-01-12T09:16:19 IST" name="Parallel Suite" finished-at="2026-01-12T09:17:04 IST" duration-ms="44666">
    <groups>
    </groups>
    <test started-at="2026-01-12T09:16:19 IST" name="Chrome Test" finished-at="2026-01-12T09:16:34 IST" duration-ms="14948">
      <class name="tests.LoginTest3ProblemUser">
        <test-method is-config="true" signature="setUp(java.lang.String)[pri:0, instance:tests.LoginTest3ProblemUser@45e37a7e]" started-at="2026-01-12T09:16:28 IST" name="setUp" finished-at="2026-01-12T09:16:30 IST" duration-ms="1707" status="PASS">
          <params>
            <param index="0">
              <value>
                <![CDATA[chrome]]>
              </value>
            </param>
          </params>
          <reporter-output>
          </reporter-output>
        </test-method> <!-- setUp -->
        <test-method signature="LoginTestProblemUser()[pri:1, instance:tests.LoginTest3ProblemUser@45e37a7e]" started-at="2026-01-12T09:16:30 IST" name="LoginTestProblemUser" finished-at="2026-01-12T09:16:30 IST" duration-ms="654" status="PASS">
          <reporter-output>
          </reporter-output>
        </test-method> <!-- LoginTestProblemUser -->
        <test-method is-config="true" signature="getResult(org.testng.ITestResult)[pri:0, instance:tests.LoginTest3ProblemUser@45e37a7e]" started-at="2026-01-12T09:16:30 IST" name="getResult" finished-at="2026-01-12T09:16:30 IST" duration-ms="1" status="PASS">
          <params>
            <param index="0">
              <value>
                <![CDATA[[TestResult name=LoginTestProblemUser status=SUCCESS method=LoginTest3ProblemUser.LoginTestProblemUser()[pri:1, instance:tests.LoginTest3ProblemUser@45e37a7e] output={null}]]]>
              </value>
            </param>
          </params>
          <reporter-output>
          </reporter-output>
        </test-method> <!-- getResult -->
        <test-method is-config="true" signature="tearDown()[pri:0, instance:tests.LoginTest3ProblemUser@45e37a7e]" started-at="2026-01-12T09:16:30 IST" name="tearDown" finished-at="2026-01-12T09:16:31 IST" duration-ms="255" status="PASS">
          <reporter-output>
          </reporter-output>
        </test-method> <!-- tearDown -->
      </class> <!-- tests.LoginTest3ProblemUser -->
      <class name="tests.LoginTest">
        <test-method is-config="true" signature="setUp(java.lang.String)[pri:0, instance:tests.LoginTest@5d2a4eed]" started-at="2026-01-12T09:16:20 IST" name="setUp" finished-at="2026-01-12T09:16:23 IST" duration-ms="3385" status="PASS">
          <params>
            <param index="0">
              <value>
                <![CDATA[chrome]]>
              </value>
            </param>
          </params>
          <reporter-output>
          </reporter-output>
        </test-method> <!-- setUp -->
        <test-method signature="LoginTest()[pri:1, instance:tests.LoginTest@5d2a4eed]" started-at="2026-01-12T09:16:23 IST" name="LoginTest" finished-at="2026-01-12T09:16:25 IST" duration-ms="1960" status="PASS">
          <reporter-output>
          </reporter-output>
        </test-method> <!-- LoginTest -->
        <test-method is-config="true" signature="getResult(org.testng.ITestResult)[pri:0, instance:tests.LoginTest@5d2a4eed]" started-at="2026-01-12T09:16:25 IST" name="getResult" finished-at="2026-01-12T09:16:25 IST" duration-ms="32" status="PASS">
          <params>
            <param index="0">
              <value>
                <![CDATA[[TestResult name=LoginTest status=SUCCESS method=LoginTest.LoginTest()[pri:1, instance:tests.LoginTest@5d2a4eed] output={null}]]]>
              </value>
            </param>
          </params>
          <reporter-output>
          </reporter-output>
        </test-method> <!-- getResult -->
        <test-method is-config="true" signature="tearDown()[pri:0, instance:tests.LoginTest@5d2a4eed]" started-at="2026-01-12T09:16:25 IST" name="tearDown" finished-at="2026-01-12T09:16:25 IST" duration-ms="325" status="PASS">
          <reporter-output>
          </reporter-output>
        </test-method> <!-- tearDown -->
      </class> <!-- tests.LoginTest -->
      <class name="tests.EndToEndAutomation">
        <test-method is-config="true" signature="setUp(java.lang.String)[pri:0, instance:tests.EndToEndAutomation@5a7005d]" started-at="2026-01-12T09:16:31 IST" name="setUp" finished-at="2026-01-12T09:16:33 IST" duration-ms="1919" status="PASS">
          <params>
            <param index="0">
              <value>
                <![CDATA[chrome]]>
              </value>
            </param>
          </params>
          <reporter-output>
          </reporter-output>
        </test-method> <!-- setUp -->
        <test-method signature="LoginTest()[pri:1, instance:tests.EndToEndAutomation@5a7005d]" started-at="2026-01-12T09:16:33 IST" name="LoginTest" finished-at="2026-01-12T09:16:33 IST" duration-ms="637" status="PASS">
          <reporter-output>
          </reporter-output>
        </test-method> <!-- LoginTest -->
        <test-method is-config="true" signature="getResult(org.testng.ITestResult)[pri:0, instance:tests.EndToEndAutomation@5a7005d]" started-at="2026-01-12T09:16:33 IST" name="getResult" finished-at="2026-01-12T09:16:33 IST" duration-ms="0" status="PASS">
          <params>
            <param index="0">
              <value>
                <![CDATA[[TestResult name=LoginTest status=SUCCESS method=EndToEndAutomation.LoginTest()[pri:1, instance:tests.EndToEndAutomation@5a7005d] output={null}]]]>
              </value>
            </param>
          </params>
          <reporter-output>
          </reporter-output>
        </test-method> <!-- getResult -->
        <test-method signature="AddToCart()[pri:2, instance:tests.EndToEndAutomation@5a7005d]" started-at="2026-01-12T09:16:33 IST" name="AddToCart" finished-at="2026-01-12T09:16:34 IST" depends-on-methods="tests.EndToEndAutomation.LoginTest" duration-ms="220" status="PASS">
          <reporter-output>
          </reporter-output>
        </test-method> <!-- AddToCart -->
        <test-method is-config="true" signature="getResult(org.testng.ITestResult)[pri:0, instance:tests.EndToEndAutomation@5a7005d]" started-at="2026-01-12T09:16:34 IST" name="getResult" finished-at="2026-01-12T09:16:34 IST" duration-ms="1" status="PASS">
          <params>
            <param index="0">
              <value>
                <![CDATA[[TestResult name=AddToCart status=SUCCESS method=EndToEndAutomation.AddToCart()[pri:2, instance:tests.EndToEndAutomation@5a7005d] output={null}]]]>
              </value>
            </param>
          </params>
          <reporter-output>
          </reporter-output>
        </test-method> <!-- getResult -->
        <test-method signature="Checkout()[pri:3, instance:tests.EndToEndAutomation@5a7005d]" started-at="2026-01-12T09:16:34 IST" name="Checkout" finished-at="2026-01-12T09:16:34 IST" duration-ms="100" status="PASS">
          <reporter-output>
          </reporter-output>
        </test-method> <!-- Checkout -->
        <test-method is-config="true" signature="getResult(org.testng.ITestResult)[pri:0, instance:tests.EndToEndAutomation@5a7005d]" started-at="2026-01-12T09:16:34 IST" name="getResult" finished-at="2026-01-12T09:16:34 IST" duration-ms="2" status="PASS">
          <params>
            <param index="0">
              <value>
                <![CDATA[[TestResult name=Checkout status=SUCCESS method=EndToEndAutomation.Checkout()[pri:3, instance:tests.EndToEndAutomation@5a7005d] output={null}]]]>
              </value>
            </param>
          </params>
          <reporter-output>
          </reporter-output>
        </test-method> <!-- getResult -->
        <test-method signature="InputCheckoutFields()[pri:4, instance:tests.EndToEndAutomation@5a7005d]" started-at="2026-01-12T09:16:34 IST" name="InputCheckoutFields" finished-at="2026-01-12T09:16:34 IST" duration-ms="539" status="PASS">
          <reporter-output>
          </reporter-output>
        </test-method> <!-- InputCheckoutFields -->
        <test-method is-config="true" signature="getResult(org.testng.ITestResult)[pri:0, instance:tests.EndToEndAutomation@5a7005d]" started-at="2026-01-12T09:16:34 IST" name="getResult" finished-at="2026-01-12T09:16:34 IST" duration-ms="1" status="PASS">
          <params>
            <param index="0">
              <value>
                <![CDATA[[TestResult name=InputCheckoutFields status=SUCCESS method=EndToEndAutomation.InputCheckoutFields()[pri:4, instance:tests.EndToEndAutomation@5a7005d] output={null}]]]>
              </value>
            </param>
          </params>
          <reporter-output>
          </reporter-output>
        </test-method> <!-- getResult -->
        <test-method is-config="true" signature="tearDown()[pri:0, instance:tests.EndToEndAutomation@5a7005d]" started-at="2026-01-12T09:16:34 IST" name="tearDown" finished-at="2026-01-12T09:16:34 IST" duration-ms="254" status="PASS">
          <reporter-output>
          </reporter-output>
        </test-method> <!-- tearDown -->
      </class> <!-- tests.EndToEndAutomation -->
      <class name="tests.LoginTest2Locked">
        <test-method is-config="true" signature="setUp(java.lang.String)[pri:0, instance:tests.LoginTest2Locked@7e22550a]" started-at="2026-01-12T09:16:25 IST" name="setUp" finished-at="2026-01-12T09:16:27 IST" duration-ms="1944" status="PASS">
          <params>
            <param index="0">
              <value>
                <![CDATA[chrome]]>
              </value>
            </param>
          </params>
          <reporter-output>
          </reporter-output>
        </test-method> <!-- setUp -->
        <test-method signature="LoginTestLockedUser()[pri:1, instance:tests.LoginTest2Locked@7e22550a]" started-at="2026-01-12T09:16:27 IST" name="LoginTestLockedUser" finished-at="2026-01-12T09:16:28 IST" duration-ms="688" status="PASS">
          <reporter-output>
          </reporter-output>
        </test-method> <!-- LoginTestLockedUser -->
        <test-method is-config="true" signature="getResult(org.testng.ITestResult)[pri:0, instance:tests.LoginTest2Locked@7e22550a]" started-at="2026-01-12T09:16:28 IST" name="getResult" finished-at="2026-01-12T09:16:28 IST" duration-ms="2" status="PASS">
          <params>
            <param index="0">
              <value>
                <![CDATA[[TestResult name=LoginTestLockedUser status=SUCCESS method=LoginTest2Locked.LoginTestLockedUser()[pri:1, instance:tests.LoginTest2Locked@7e22550a] output={null}]]]>
              </value>
            </param>
          </params>
          <reporter-output>
          </reporter-output>
        </test-method> <!-- getResult -->
        <test-method is-config="true" signature="tearDown()[pri:0, instance:tests.LoginTest2Locked@7e22550a]" started-at="2026-01-12T09:16:28 IST" name="tearDown" finished-at="2026-01-12T09:16:28 IST" duration-ms="241" status="PASS">
          <reporter-output>
          </reporter-output>
        </test-method> <!-- tearDown -->
      </class> <!-- tests.LoginTest2Locked -->
    </test> <!-- Chrome Test -->
    <test started-at="2026-01-12T09:16:34 IST" name="Firefox Test" finished-at="2026-01-12T09:17:04 IST" duration-ms="29661">
      <class name="tests.LoginTest3ProblemUser">
        <test-method is-config="true" signature="setUp(java.lang.String)[pri:0, instance:tests.LoginTest3ProblemUser@1698fc68]" started-at="2026-01-12T09:16:49 IST" name="setUp" finished-at="2026-01-12T09:16:54 IST" duration-ms="4632" status="PASS">
          <params>
            <param index="0">
              <value>
                <![CDATA[firefox]]>
              </value>
            </param>
          </params>
          <reporter-output>
          </reporter-output>
        </test-method> <!-- setUp -->
        <test-method signature="LoginTestProblemUser()[pri:1, instance:tests.LoginTest3ProblemUser@1698fc68]" started-at="2026-01-12T09:16:54 IST" name="LoginTestProblemUser" finished-at="2026-01-12T09:16:55 IST" duration-ms="814" status="PASS">
          <reporter-output>
          </reporter-output>
        </test-method> <!-- LoginTestProblemUser -->
        <test-method is-config="true" signature="getResult(org.testng.ITestResult)[pri:0, instance:tests.LoginTest3ProblemUser@1698fc68]" started-at="2026-01-12T09:16:55 IST" name="getResult" finished-at="2026-01-12T09:16:55 IST" duration-ms="2" status="PASS">
          <params>
            <param index="0">
              <value>
                <![CDATA[[TestResult name=LoginTestProblemUser status=SUCCESS method=LoginTest3ProblemUser.LoginTestProblemUser()[pri:1, instance:tests.LoginTest3ProblemUser@1698fc68] output={null}]]]>
              </value>
            </param>
          </params>
          <reporter-output>
          </reporter-output>
        </test-method> <!-- getResult -->
        <test-method is-config="true" signature="tearDown()[pri:0, instance:tests.LoginTest3ProblemUser@1698fc68]" started-at="2026-01-12T09:16:55 IST" name="tearDown" finished-at="2026-01-12T09:16:56 IST" duration-ms="1682" status="PASS">
          <reporter-output>
          </reporter-output>
        </test-method> <!-- tearDown -->
      </class> <!-- tests.LoginTest3ProblemUser -->
      <class name="tests.LoginTest">
        <test-method is-config="true" signature="startTest()[pri:0, instance:tests.LoginTest@20a8a64e]" started-at="2026-01-12T09:16:19 IST" name="startTest" finished-at="2026-01-12T09:16:19 IST" duration-ms="288" status="PASS">
          <reporter-output>
          </reporter-output>
        </test-method> <!-- startTest -->
        <test-method is-config="true" signature="setUp(java.lang.String)[pri:0, instance:tests.LoginTest@20a8a64e]" started-at="2026-01-12T09:16:35 IST" name="setUp" finished-at="2026-01-12T09:16:39 IST" duration-ms="4735" status="PASS">
          <params>
            <param index="0">
              <value>
                <![CDATA[firefox]]>
              </value>
            </param>
          </params>
          <reporter-output>
          </reporter-output>
        </test-method> <!-- setUp -->
        <test-method signature="LoginTest()[pri:1, instance:tests.LoginTest@20a8a64e]" started-at="2026-01-12T09:16:39 IST" name="LoginTest" finished-at="2026-01-12T09:16:40 IST" duration-ms="847" status="PASS">
          <reporter-output>
          </reporter-output>
        </test-method> <!-- LoginTest -->
        <test-method is-config="true" signature="getResult(org.testng.ITestResult)[pri:0, instance:tests.LoginTest@20a8a64e]" started-at="2026-01-12T09:16:40 IST" name="getResult" finished-at="2026-01-12T09:16:40 IST" duration-ms="2" status="PASS">
          <params>
            <param index="0">
              <value>
                <![CDATA[[TestResult name=LoginTest status=SUCCESS method=LoginTest.LoginTest()[pri:1, instance:tests.LoginTest@20a8a64e] output={null}]]]>
              </value>
            </param>
          </params>
          <reporter-output>
          </reporter-output>
        </test-method> <!-- getResult -->
        <test-method is-config="true" signature="tearDown()[pri:0, instance:tests.LoginTest@20a8a64e]" started-at="2026-01-12T09:16:40 IST" name="tearDown" finished-at="2026-01-12T09:16:42 IST" duration-ms="2227" status="PASS">
          <reporter-output>
          </reporter-output>
        </test-method> <!-- tearDown -->
        <test-method is-config="true" signature="endReport()[pri:0, instance:tests.LoginTest@20a8a64e]" started-at="2026-01-12T09:17:04 IST" name="endReport" finished-at="2026-01-12T09:17:05 IST" duration-ms="544" status="PASS">
          <reporter-output>
          </reporter-output>
        </test-method> <!-- endReport -->
      </class> <!-- tests.LoginTest -->
      <class name="tests.EndToEndAutomation">
        <test-method is-config="true" signature="setUp(java.lang.String)[pri:0, instance:tests.EndToEndAutomation@4504d271]" started-at="2026-01-12T09:16:56 IST" name="setUp" finished-at="2026-01-12T09:17:01 IST" duration-ms="4349" status="PASS">
          <params>
            <param index="0">
              <value>
                <![CDATA[firefox]]>
              </value>
            </param>
          </params>
          <reporter-output>
          </reporter-output>
        </test-method> <!-- setUp -->
        <test-method signature="LoginTest()[pri:1, instance:tests.EndToEndAutomation@4504d271]" started-at="2026-01-12T09:17:01 IST" name="LoginTest" finished-at="2026-01-12T09:17:01 IST" duration-ms="855" status="PASS">
          <reporter-output>
          </reporter-output>
        </test-method> <!-- LoginTest -->
        <test-method is-config="true" signature="getResult(org.testng.ITestResult)[pri:0, instance:tests.EndToEndAutomation@4504d271]" started-at="2026-01-12T09:17:01 IST" name="getResult" finished-at="2026-01-12T09:17:01 IST" duration-ms="1" status="PASS">
          <params>
            <param index="0">
              <value>
                <![CDATA[[TestResult name=LoginTest status=SUCCESS method=EndToEndAutomation.LoginTest()[pri:1, instance:tests.EndToEndAutomation@4504d271] output={null}]]]>
              </value>
            </param>
          </params>
          <reporter-output>
          </reporter-output>
        </test-method> <!-- getResult -->
        <test-method signature="AddToCart()[pri:2, instance:tests.EndToEndAutomation@4504d271]" started-at="2026-01-12T09:17:01 IST" name="AddToCart" finished-at="2026-01-12T09:17:02 IST" depends-on-methods="tests.EndToEndAutomation.LoginTest" duration-ms="263" status="PASS">
          <reporter-output>
          </reporter-output>
        </test-method> <!-- AddToCart -->
        <test-method is-config="true" signature="getResult(org.testng.ITestResult)[pri:0, instance:tests.EndToEndAutomation@4504d271]" started-at="2026-01-12T09:17:02 IST" name="getResult" finished-at="2026-01-12T09:17:02 IST" duration-ms="2" status="PASS">
          <params>
            <param index="0">
              <value>
                <![CDATA[[TestResult name=AddToCart status=SUCCESS method=EndToEndAutomation.AddToCart()[pri:2, instance:tests.EndToEndAutomation@4504d271] output={null}]]]>
              </value>
            </param>
          </params>
          <reporter-output>
          </reporter-output>
        </test-method> <!-- getResult -->
        <test-method signature="Checkout()[pri:3, instance:tests.EndToEndAutomation@4504d271]" started-at="2026-01-12T09:17:02 IST" name="Checkout" finished-at="2026-01-12T09:17:02 IST" duration-ms="157" status="PASS">
          <reporter-output>
          </reporter-output>
        </test-method> <!-- Checkout -->
        <test-method is-config="true" signature="getResult(org.testng.ITestResult)[pri:0, instance:tests.EndToEndAutomation@4504d271]" started-at="2026-01-12T09:17:02 IST" name="getResult" finished-at="2026-01-12T09:17:02 IST" duration-ms="1" status="PASS">
          <params>
            <param index="0">
              <value>
                <![CDATA[[TestResult name=Checkout status=SUCCESS method=EndToEndAutomation.Checkout()[pri:3, instance:tests.EndToEndAutomation@4504d271] output={null}]]]>
              </value>
            </param>
          </params>
          <reporter-output>
          </reporter-output>
        </test-method> <!-- getResult -->
        <test-method signature="InputCheckoutFields()[pri:4, instance:tests.EndToEndAutomation@4504d271]" started-at="2026-01-12T09:17:02 IST" name="InputCheckoutFields" finished-at="2026-01-12T09:17:02 IST" duration-ms="523" status="PASS">
          <reporter-output>
          </reporter-output>
        </test-method> <!-- InputCheckoutFields -->
        <test-method is-config="true" signature="getResult(org.testng.ITestResult)[pri:0, instance:tests.EndToEndAutomation@4504d271]" started-at="2026-01-12T09:17:02 IST" name="getResult" finished-at="2026-01-12T09:17:02 IST" duration-ms="3" status="PASS">
          <params>
            <param index="0">
              <value>
                <![CDATA[[TestResult name=InputCheckoutFields status=SUCCESS method=EndToEndAutomation.InputCheckoutFields()[pri:4, instance:tests.EndToEndAutomation@4504d271] output={null}]]]>
              </value>
            </param>
          </params>
          <reporter-output>
          </reporter-output>
        </test-method> <!-- getResult -->
        <test-method is-config="true" signature="tearDown()[pri:0, instance:tests.EndToEndAutomation@4504d271]" started-at="2026-01-12T09:17:02 IST" name="tearDown" finished-at="2026-01-12T09:17:04 IST" duration-ms="1782" status="PASS">
          <reporter-output>
          </reporter-output>
        </test-method> <!-- tearDown -->
      </class> <!-- tests.EndToEndAutomation -->
      <class name="tests.LoginTest2Locked">
        <test-method is-config="true" signature="setUp(java.lang.String)[pri:0, instance:tests.LoginTest2Locked@62f4ff3b]" started-at="2026-01-12T09:16:42 IST" name="setUp" finished-at="2026-01-12T09:16:47 IST" duration-ms="4543" status="PASS">
          <params>
            <param index="0">
              <value>
                <![CDATA[firefox]]>
              </value>
            </param>
          </params>
          <reporter-output>
          </reporter-output>
        </test-method> <!-- setUp -->
        <test-method signature="LoginTestLockedUser()[pri:1, instance:tests.LoginTest2Locked@62f4ff3b]" started-at="2026-01-12T09:16:47 IST" name="LoginTestLockedUser" finished-at="2026-01-12T09:16:48 IST" duration-ms="662" status="PASS">
          <reporter-output>
          </reporter-output>
        </test-method> <!-- LoginTestLockedUser -->
        <test-method is-config="true" signature="getResult(org.testng.ITestResult)[pri:0, instance:tests.LoginTest2Locked@62f4ff3b]" started-at="2026-01-12T09:16:48 IST" name="getResult" finished-at="2026-01-12T09:16:48 IST" duration-ms="2" status="PASS">
          <params>
            <param index="0">
              <value>
                <![CDATA[[TestResult name=LoginTestLockedUser status=SUCCESS method=LoginTest2Locked.LoginTestLockedUser()[pri:1, instance:tests.LoginTest2Locked@62f4ff3b] output={null}]]]>
              </value>
            </param>
          </params>
          <reporter-output>
          </reporter-output>
        </test-method> <!-- getResult -->
        <test-method is-config="true" signature="tearDown()[pri:0, instance:tests.LoginTest2Locked@62f4ff3b]" started-at="2026-01-12T09:16:48 IST" name="tearDown" finished-at="2026-01-12T09:16:49 IST" duration-ms="1530" status="PASS">
          <reporter-output>
          </reporter-output>
        </test-method> <!-- tearDown -->
      </class> <!-- tests.LoginTest2Locked -->
    </test> <!-- Firefox Test -->
  </suite> <!-- Parallel Suite -->
</testng-results>
