<?xml version="1.0" encoding="UTF-8"?>
<testng-results ignored="12" total="26" passed="14" failed="0" skipped="0">
  <reporter-output>
  </reporter-output>
  <suite started-at="2026-01-02T14:51:25 IST" name="Parallel Suite" finished-at="2026-01-02T14:52:23 IST" duration-ms="58091">
    <groups>
    </groups>
    <test started-at="2026-01-02T14:51:25 IST" name="Chrome Test" finished-at="2026-01-02T14:51:45 IST" duration-ms="20621">
      <class name="tests.LoginTest3ProblemUser">
        <test-method is-config="true" signature="setUp(java.lang.String)[pri:0, instance:tests.LoginTest3ProblemUser@45e37a7e]" started-at="2026-01-02T14:51:36 IST" name="setUp" finished-at="2026-01-02T14:51:39 IST" duration-ms="3214" status="PASS">
          <params>
            <param index="0">
              <value>
                <![CDATA[chrome]]>
              </value>
            </param>
          </params>
          <reporter-output>
          </reporter-output>
        </test-method> <!-- setUp -->
        <test-method signature="LoginTestProblemUser()[pri:1, instance:tests.LoginTest3ProblemUser@45e37a7e]" started-at="2026-01-02T14:51:39 IST" name="LoginTestProblemUser" finished-at="2026-01-02T14:51:40 IST" duration-ms="609" status="PASS">
          <reporter-output>
          </reporter-output>
        </test-method> <!-- LoginTestProblemUser -->
        <test-method is-config="true" signature="getResult(org.testng.ITestResult)[pri:0, instance:tests.LoginTest3ProblemUser@45e37a7e]" started-at="2026-01-02T14:51:40 IST" name="getResult" finished-at="2026-01-02T14:51:40 IST" duration-ms="3" status="PASS">
          <params>
            <param index="0">
              <value>
                <![CDATA[[TestResult name=LoginTestProblemUser status=SUCCESS method=LoginTest3ProblemUser.LoginTestProblemUser()[pri:1, instance:tests.LoginTest3ProblemUser@45e37a7e] output={null}]]]>
              </value>
            </param>
          </params>
          <reporter-output>
          </reporter-output>
        </test-method> <!-- getResult -->
        <test-method is-config="true" signature="tearDown()[pri:0, instance:tests.LoginTest3ProblemUser@45e37a7e]" started-at="2026-01-02T14:51:40 IST" name="tearDown" finished-at="2026-01-02T14:51:40 IST" duration-ms="252" status="PASS">
          <reporter-output>
          </reporter-output>
        </test-method> <!-- tearDown -->
      </class> <!-- tests.LoginTest3ProblemUser -->
      <class name="tests.LoginTest">
        <test-method is-config="true" signature="setUp(java.lang.String)[pri:0, instance:tests.LoginTest@5d2a4eed]" started-at="2026-01-02T14:51:25 IST" name="setUp" finished-at="2026-01-02T14:51:30 IST" duration-ms="5069" status="PASS">
          <params>
            <param index="0">
              <value>
                <![CDATA[chrome]]>
              </value>
            </param>
          </params>
          <reporter-output>
          </reporter-output>
        </test-method> <!-- setUp -->
        <test-method signature="LoginTest()[pri:1, instance:tests.LoginTest@5d2a4eed]" started-at="2026-01-02T14:51:30 IST" name="LoginTest" finished-at="2026-01-02T14:51:32 IST" duration-ms="2042" status="PASS">
          <reporter-output>
          </reporter-output>
        </test-method> <!-- LoginTest -->
        <test-method is-config="true" signature="getResult(org.testng.ITestResult)[pri:0, instance:tests.LoginTest@5d2a4eed]" started-at="2026-01-02T14:51:32 IST" name="getResult" finished-at="2026-01-02T14:51:32 IST" duration-ms="28" status="PASS">
          <params>
            <param index="0">
              <value>
                <![CDATA[[TestResult name=LoginTest status=SUCCESS method=LoginTest.LoginTest()[pri:1, instance:tests.LoginTest@5d2a4eed] output={null}]]]>
              </value>
            </param>
          </params>
          <reporter-output>
          </reporter-output>
        </test-method> <!-- getResult -->
        <test-method is-config="true" signature="tearDown()[pri:0, instance:tests.LoginTest@5d2a4eed]" started-at="2026-01-02T14:51:32 IST" name="tearDown" finished-at="2026-01-02T14:51:32 IST" duration-ms="324" status="PASS">
          <reporter-output>
          </reporter-output>
        </test-method> <!-- tearDown -->
      </class> <!-- tests.LoginTest -->
      <class name="tests.EndToEndAutomation">
        <test-method is-config="true" signature="setUp(java.lang.String)[pri:0, instance:tests.EndToEndAutomation@5a7005d]" started-at="2026-01-02T14:51:40 IST" name="setUp" finished-at="2026-01-02T14:51:43 IST" duration-ms="2992" status="PASS">
          <params>
            <param index="0">
              <value>
                <![CDATA[chrome]]>
              </value>
            </param>
          </params>
          <reporter-output>
          </reporter-output>
        </test-method> <!-- setUp -->
        <test-method signature="LoginTest()[pri:1, instance:tests.EndToEndAutomation@5a7005d]" started-at="2026-01-02T14:51:43 IST" name="LoginTest" finished-at="2026-01-02T14:51:44 IST" duration-ms="706" status="PASS">
          <reporter-output>
          </reporter-output>
        </test-method> <!-- LoginTest -->
        <test-method is-config="true" signature="getResult(org.testng.ITestResult)[pri:0, instance:tests.EndToEndAutomation@5a7005d]" started-at="2026-01-02T14:51:44 IST" name="getResult" finished-at="2026-01-02T14:51:44 IST" duration-ms="1" status="PASS">
          <params>
            <param index="0">
              <value>
                <![CDATA[[TestResult name=LoginTest status=SUCCESS method=EndToEndAutomation.LoginTest()[pri:1, instance:tests.EndToEndAutomation@5a7005d] output={null}]]]>
              </value>
            </param>
          </params>
          <reporter-output>
          </reporter-output>
        </test-method> <!-- getResult -->
        <test-method signature="AddToCart()[pri:2, instance:tests.EndToEndAutomation@5a7005d]" started-at="2026-01-02T14:51:44 IST" name="AddToCart" finished-at="2026-01-02T14:51:44 IST" depends-on-methods="tests.EndToEndAutomation.LoginTest" duration-ms="269" status="PASS">
          <reporter-output>
          </reporter-output>
        </test-method> <!-- AddToCart -->
        <test-method is-config="true" signature="getResult(org.testng.ITestResult)[pri:0, instance:tests.EndToEndAutomation@5a7005d]" started-at="2026-01-02T14:51:44 IST" name="getResult" finished-at="2026-01-02T14:51:44 IST" duration-ms="1" status="PASS">
          <params>
            <param index="0">
              <value>
                <![CDATA[[TestResult name=AddToCart status=SUCCESS method=EndToEndAutomation.AddToCart()[pri:2, instance:tests.EndToEndAutomation@5a7005d] output={null}]]]>
              </value>
            </param>
          </params>
          <reporter-output>
          </reporter-output>
        </test-method> <!-- getResult -->
        <test-method signature="Checkout()[pri:3, instance:tests.EndToEndAutomation@5a7005d]" started-at="2026-01-02T14:51:44 IST" name="Checkout" finished-at="2026-01-02T14:51:44 IST" duration-ms="111" status="PASS">
          <reporter-output>
          </reporter-output>
        </test-method> <!-- Checkout -->
        <test-method is-config="true" signature="getResult(org.testng.ITestResult)[pri:0, instance:tests.EndToEndAutomation@5a7005d]" started-at="2026-01-02T14:51:44 IST" name="getResult" finished-at="2026-01-02T14:51:44 IST" duration-ms="1" status="PASS">
          <params>
            <param index="0">
              <value>
                <![CDATA[[TestResult name=Checkout status=SUCCESS method=EndToEndAutomation.Checkout()[pri:3, instance:tests.EndToEndAutomation@5a7005d] output={null}]]]>
              </value>
            </param>
          </params>
          <reporter-output>
          </reporter-output>
        </test-method> <!-- getResult -->
        <test-method signature="InputCheckoutFields()[pri:4, instance:tests.EndToEndAutomation@5a7005d]" started-at="2026-01-02T14:51:44 IST" name="InputCheckoutFields" finished-at="2026-01-02T14:51:45 IST" duration-ms="587" status="PASS">
          <reporter-output>
          </reporter-output>
        </test-method> <!-- InputCheckoutFields -->
        <test-method is-config="true" signature="getResult(org.testng.ITestResult)[pri:0, instance:tests.EndToEndAutomation@5a7005d]" started-at="2026-01-02T14:51:45 IST" name="getResult" finished-at="2026-01-02T14:51:45 IST" duration-ms="1" status="PASS">
          <params>
            <param index="0">
              <value>
                <![CDATA[[TestResult name=InputCheckoutFields status=SUCCESS method=EndToEndAutomation.InputCheckoutFields()[pri:4, instance:tests.EndToEndAutomation@5a7005d] output={null}]]]>
              </value>
            </param>
          </params>
          <reporter-output>
          </reporter-output>
        </test-method> <!-- getResult -->
        <test-method is-config="true" signature="tearDown()[pri:0, instance:tests.EndToEndAutomation@5a7005d]" started-at="2026-01-02T14:51:45 IST" name="tearDown" finished-at="2026-01-02T14:51:45 IST" duration-ms="255" status="PASS">
          <reporter-output>
          </reporter-output>
        </test-method> <!-- tearDown -->
      </class> <!-- tests.EndToEndAutomation -->
      <class name="tests.LoginTest2Locked">
        <test-method is-config="true" signature="setUp(java.lang.String)[pri:0, instance:tests.LoginTest2Locked@7e22550a]" started-at="2026-01-02T14:51:32 IST" name="setUp" finished-at="2026-01-02T14:51:35 IST" duration-ms="3110" status="PASS">
          <params>
            <param index="0">
              <value>
                <![CDATA[chrome]]>
              </value>
            </param>
          </params>
          <reporter-output>
          </reporter-output>
        </test-method> <!-- setUp -->
        <test-method signature="LoginTestLockedUser()[pri:1, instance:tests.LoginTest2Locked@7e22550a]" started-at="2026-01-02T14:51:35 IST" name="LoginTestLockedUser" finished-at="2026-01-02T14:51:36 IST" duration-ms="655" status="PASS">
          <reporter-output>
          </reporter-output>
        </test-method> <!-- LoginTestLockedUser -->
        <test-method is-config="true" signature="getResult(org.testng.ITestResult)[pri:0, instance:tests.LoginTest2Locked@7e22550a]" started-at="2026-01-02T14:51:36 IST" name="getResult" finished-at="2026-01-02T14:51:36 IST" duration-ms="1" status="PASS">
          <params>
            <param index="0">
              <value>
                <![CDATA[[TestResult name=LoginTestLockedUser status=SUCCESS method=LoginTest2Locked.LoginTestLockedUser()[pri:1, instance:tests.LoginTest2Locked@7e22550a] output={null}]]]>
              </value>
            </param>
          </params>
          <reporter-output>
          </reporter-output>
        </test-method> <!-- getResult -->
        <test-method is-config="true" signature="tearDown()[pri:0, instance:tests.LoginTest2Locked@7e22550a]" started-at="2026-01-02T14:51:36 IST" name="tearDown" finished-at="2026-01-02T14:51:36 IST" duration-ms="267" status="PASS">
          <reporter-output>
          </reporter-output>
        </test-method> <!-- tearDown -->
      </class> <!-- tests.LoginTest2Locked -->
    </test> <!-- Chrome Test -->
    <test started-at="2026-01-02T14:51:45 IST" name="Firefox Test" finished-at="2026-01-02T14:52:23 IST" duration-ms="37445">
      <class name="tests.LoginTest3ProblemUser">
        <test-method is-config="true" signature="setUp(java.lang.String)[pri:0, instance:tests.LoginTest3ProblemUser@1698fc68]" started-at="2026-01-02T14:52:06 IST" name="setUp" finished-at="2026-01-02T14:52:12 IST" duration-ms="5616" status="PASS">
          <params>
            <param index="0">
              <value>
                <![CDATA[firefox]]>
              </value>
            </param>
          </params>
          <reporter-output>
          </reporter-output>
        </test-method> <!-- setUp -->
        <test-method signature="LoginTestProblemUser()[pri:1, instance:tests.LoginTest3ProblemUser@1698fc68]" started-at="2026-01-02T14:52:12 IST" name="LoginTestProblemUser" finished-at="2026-01-02T14:52:12 IST" duration-ms="573" status="PASS">
          <reporter-output>
          </reporter-output>
        </test-method> <!-- LoginTestProblemUser -->
        <test-method is-config="true" signature="getResult(org.testng.ITestResult)[pri:0, instance:tests.LoginTest3ProblemUser@1698fc68]" started-at="2026-01-02T14:52:12 IST" name="getResult" finished-at="2026-01-02T14:52:12 IST" duration-ms="1" status="PASS">
          <params>
            <param index="0">
              <value>
                <![CDATA[[TestResult name=LoginTestProblemUser status=SUCCESS method=LoginTest3ProblemUser.LoginTestProblemUser()[pri:1, instance:tests.LoginTest3ProblemUser@1698fc68] output={null}]]]>
              </value>
            </param>
          </params>
          <reporter-output>
          </reporter-output>
        </test-method> <!-- getResult -->
        <test-method is-config="true" signature="tearDown()[pri:0, instance:tests.LoginTest3ProblemUser@1698fc68]" started-at="2026-01-02T14:52:12 IST" name="tearDown" finished-at="2026-01-02T14:52:14 IST" duration-ms="1543" status="PASS">
          <reporter-output>
          </reporter-output>
        </test-method> <!-- tearDown -->
      </class> <!-- tests.LoginTest3ProblemUser -->
      <class name="tests.LoginTest">
        <test-method is-config="true" signature="startTest()[pri:0, instance:tests.LoginTest@20a8a64e]" started-at="2026-01-02T14:51:24 IST" name="startTest" finished-at="2026-01-02T14:51:25 IST" duration-ms="334" status="PASS">
          <reporter-output>
          </reporter-output>
        </test-method> <!-- startTest -->
        <test-method is-config="true" signature="setUp(java.lang.String)[pri:0, instance:tests.LoginTest@20a8a64e]" started-at="2026-01-02T14:51:45 IST" name="setUp" finished-at="2026-01-02T14:51:55 IST" duration-ms="10183" status="PASS">
          <params>
            <param index="0">
              <value>
                <![CDATA[firefox]]>
              </value>
            </param>
          </params>
          <reporter-output>
          </reporter-output>
        </test-method> <!-- setUp -->
        <test-method signature="LoginTest()[pri:1, instance:tests.LoginTest@20a8a64e]" started-at="2026-01-02T14:51:55 IST" name="LoginTest" finished-at="2026-01-02T14:51:57 IST" duration-ms="1152" status="PASS">
          <reporter-output>
          </reporter-output>
        </test-method> <!-- LoginTest -->
        <test-method is-config="true" signature="getResult(org.testng.ITestResult)[pri:0, instance:tests.LoginTest@20a8a64e]" started-at="2026-01-02T14:51:57 IST" name="getResult" finished-at="2026-01-02T14:51:57 IST" duration-ms="1" status="PASS">
          <params>
            <param index="0">
              <value>
                <![CDATA[[TestResult name=LoginTest status=SUCCESS method=LoginTest.LoginTest()[pri:1, instance:tests.LoginTest@20a8a64e] output={null}]]]>
              </value>
            </param>
          </params>
          <reporter-output>
          </reporter-output>
        </test-method> <!-- getResult -->
        <test-method is-config="true" signature="tearDown()[pri:0, instance:tests.LoginTest@20a8a64e]" started-at="2026-01-02T14:51:57 IST" name="tearDown" finished-at="2026-01-02T14:51:58 IST" duration-ms="1712" status="PASS">
          <reporter-output>
          </reporter-output>
        </test-method> <!-- tearDown -->
        <test-method is-config="true" signature="endReport()[pri:0, instance:tests.LoginTest@20a8a64e]" started-at="2026-01-02T14:52:23 IST" name="endReport" finished-at="2026-01-02T14:52:23 IST" duration-ms="522" status="PASS">
          <reporter-output>
          </reporter-output>
        </test-method> <!-- endReport -->
      </class> <!-- tests.LoginTest -->
      <class name="tests.EndToEndAutomation">
        <test-method is-config="true" signature="setUp(java.lang.String)[pri:0, instance:tests.EndToEndAutomation@4504d271]" started-at="2026-01-02T14:52:14 IST" name="setUp" finished-at="2026-01-02T14:52:20 IST" duration-ms="5903" status="PASS">
          <params>
            <param index="0">
              <value>
                <![CDATA[firefox]]>
              </value>
            </param>
          </params>
          <reporter-output>
          </reporter-output>
        </test-method> <!-- setUp -->
        <test-method signature="LoginTest()[pri:1, instance:tests.EndToEndAutomation@4504d271]" started-at="2026-01-02T14:52:20 IST" name="LoginTest" finished-at="2026-01-02T14:52:20 IST" duration-ms="653" status="PASS">
          <reporter-output>
          </reporter-output>
        </test-method> <!-- LoginTest -->
        <test-method is-config="true" signature="getResult(org.testng.ITestResult)[pri:0, instance:tests.EndToEndAutomation@4504d271]" started-at="2026-01-02T14:52:20 IST" name="getResult" finished-at="2026-01-02T14:52:20 IST" duration-ms="2" status="PASS">
          <params>
            <param index="0">
              <value>
                <![CDATA[[TestResult name=LoginTest status=SUCCESS method=EndToEndAutomation.LoginTest()[pri:1, instance:tests.EndToEndAutomation@4504d271] output={null}]]]>
              </value>
            </param>
          </params>
          <reporter-output>
          </reporter-output>
        </test-method> <!-- getResult -->
        <test-method signature="AddToCart()[pri:2, instance:tests.EndToEndAutomation@4504d271]" started-at="2026-01-02T14:52:20 IST" name="AddToCart" finished-at="2026-01-02T14:52:20 IST" depends-on-methods="tests.EndToEndAutomation.LoginTest" duration-ms="240" status="PASS">
          <reporter-output>
          </reporter-output>
        </test-method> <!-- AddToCart -->
        <test-method is-config="true" signature="getResult(org.testng.ITestResult)[pri:0, instance:tests.EndToEndAutomation@4504d271]" started-at="2026-01-02T14:52:20 IST" name="getResult" finished-at="2026-01-02T14:52:20 IST" duration-ms="2" status="PASS">
          <params>
            <param index="0">
              <value>
                <![CDATA[[TestResult name=AddToCart status=SUCCESS method=EndToEndAutomation.AddToCart()[pri:2, instance:tests.EndToEndAutomation@4504d271] output={null}]]]>
              </value>
            </param>
          </params>
          <reporter-output>
          </reporter-output>
        </test-method> <!-- getResult -->
        <test-method signature="Checkout()[pri:3, instance:tests.EndToEndAutomation@4504d271]" started-at="2026-01-02T14:52:20 IST" name="Checkout" finished-at="2026-01-02T14:52:21 IST" duration-ms="119" status="PASS">
          <reporter-output>
          </reporter-output>
        </test-method> <!-- Checkout -->
        <test-method is-config="true" signature="getResult(org.testng.ITestResult)[pri:0, instance:tests.EndToEndAutomation@4504d271]" started-at="2026-01-02T14:52:21 IST" name="getResult" finished-at="2026-01-02T14:52:21 IST" duration-ms="2" status="PASS">
          <params>
            <param index="0">
              <value>
                <![CDATA[[TestResult name=Checkout status=SUCCESS method=EndToEndAutomation.Checkout()[pri:3, instance:tests.EndToEndAutomation@4504d271] output={null}]]]>
              </value>
            </param>
          </params>
          <reporter-output>
          </reporter-output>
        </test-method> <!-- getResult -->
        <test-method signature="InputCheckoutFields()[pri:4, instance:tests.EndToEndAutomation@4504d271]" started-at="2026-01-02T14:52:21 IST" name="InputCheckoutFields" finished-at="2026-01-02T14:52:21 IST" duration-ms="560" status="PASS">
          <reporter-output>
          </reporter-output>
        </test-method> <!-- InputCheckoutFields -->
        <test-method is-config="true" signature="getResult(org.testng.ITestResult)[pri:0, instance:tests.EndToEndAutomation@4504d271]" started-at="2026-01-02T14:52:21 IST" name="getResult" finished-at="2026-01-02T14:52:21 IST" duration-ms="0" status="PASS">
          <params>
            <param index="0">
              <value>
                <![CDATA[[TestResult name=InputCheckoutFields status=SUCCESS method=EndToEndAutomation.InputCheckoutFields()[pri:4, instance:tests.EndToEndAutomation@4504d271] output={null}]]]>
              </value>
            </param>
          </params>
          <reporter-output>
          </reporter-output>
        </test-method> <!-- getResult -->
        <test-method is-config="true" signature="tearDown()[pri:0, instance:tests.EndToEndAutomation@4504d271]" started-at="2026-01-02T14:52:21 IST" name="tearDown" finished-at="2026-01-02T14:52:23 IST" duration-ms="1521" status="PASS">
          <reporter-output>
          </reporter-output>
        </test-method> <!-- tearDown -->
      </class> <!-- tests.EndToEndAutomation -->
      <class name="tests.LoginTest2Locked">
        <test-method is-config="true" signature="setUp(java.lang.String)[pri:0, instance:tests.LoginTest2Locked@62f4ff3b]" started-at="2026-01-02T14:51:58 IST" name="setUp" finished-at="2026-01-02T14:52:04 IST" duration-ms="5633" status="PASS">
          <params>
            <param index="0">
              <value>
                <![CDATA[firefox]]>
              </value>
            </param>
          </params>
          <reporter-output>
          </reporter-output>
        </test-method> <!-- setUp -->
        <test-method signature="LoginTestLockedUser()[pri:1, instance:tests.LoginTest2Locked@62f4ff3b]" started-at="2026-01-02T14:52:04 IST" name="LoginTestLockedUser" finished-at="2026-01-02T14:52:04 IST" duration-ms="532" status="PASS">
          <reporter-output>
          </reporter-output>
        </test-method> <!-- LoginTestLockedUser -->
        <test-method is-config="true" signature="getResult(org.testng.ITestResult)[pri:0, instance:tests.LoginTest2Locked@62f4ff3b]" started-at="2026-01-02T14:52:04 IST" name="getResult" finished-at="2026-01-02T14:52:04 IST" duration-ms="2" status="PASS">
          <params>
            <param index="0">
              <value>
                <![CDATA[[TestResult name=LoginTestLockedUser status=SUCCESS method=LoginTest2Locked.LoginTestLockedUser()[pri:1, instance:tests.LoginTest2Locked@62f4ff3b] output={null}]]]>
              </value>
            </param>
          </params>
          <reporter-output>
          </reporter-output>
        </test-method> <!-- getResult -->
        <test-method is-config="true" signature="tearDown()[pri:0, instance:tests.LoginTest2Locked@62f4ff3b]" started-at="2026-01-02T14:52:04 IST" name="tearDown" finished-at="2026-01-02T14:52:06 IST" duration-ms="1467" status="PASS">
          <reporter-output>
          </reporter-output>
        </test-method> <!-- tearDown -->
      </class> <!-- tests.LoginTest2Locked -->
    </test> <!-- Firefox Test -->
  </suite> <!-- Parallel Suite -->
</testng-results>
