<?xml version="1.0" encoding="UTF-8"?>
<!-- Generated by org.testng.reporters.JUnitReportReporter -->
<testsuite hostname="DESKTOP-1C037RJ" failures="0" tests="2" name="tests.LoginTest2Locked" time="1.354" errors="0" timestamp="2026-01-12T09:17:05 IST" skipped="0">
  <testcase classname="tests.LoginTest2Locked" name="LoginTestLockedUser" time="0.690"/>
  <system-out/>
  <testcase classname="tests.LoginTest2Locked" name="LoginTestLockedUser" time="0.664"/>
  <system-out/>
</testsuite> <!-- tests.LoginTest2Locked -->
