<?xml version="1.0" encoding="UTF-8"?>
<!-- Generated by org.testng.reporters.JUnitReportReporter -->
<testsuite hostname="DESKTOP-1C037RJ" failures="0" tests="2" name="tests.LoginTest3ProblemUser" time="1.041" errors="0" timestamp="2025-12-02T10:55:23 IST" skipped="0">
  <testcase classname="tests.LoginTest3ProblemUser" name="LoginTestProblemUser" time="0.426"/>
  <system-out/>
  <testcase classname="tests.LoginTest3ProblemUser" name="LoginTestProblemUser" time="0.615"/>
  <system-out/>
</testsuite> <!-- tests.LoginTest3ProblemUser -->
