<?xml version="1.0" encoding="UTF-8"?>
<!-- Generated by org.testng.reporters.JUnitReportReporter -->
<testsuite hostname="DESKTOP-1C037RJ" failures="0" tests="4" name="tests.EndToEndAutomation" time="2.971" errors="0" timestamp="2026-01-02T14:23:05 IST" skipped="0">
  <testcase classname="tests.EndToEndAutomation" name="LoginTest" time="1.836"/>
  <system-out/>
  <testcase classname="tests.EndToEndAutomation" name="AddToCart" time="0.289"/>
  <system-out/>
  <testcase classname="tests.EndToEndAutomation" name="Checkout" time="0.131"/>
  <system-out/>
  <testcase classname="tests.EndToEndAutomation" name="InputCheckoutFields" time="0.715"/>
  <system-out/>
</testsuite> <!-- tests.EndToEndAutomation -->
