<?xml version="1.0" encoding="UTF-8"?>
<!-- Generated by org.testng.reporters.JUnitReportReporter -->
<testsuite hostname="DESKTOP-1C037RJ" failures="0" tests="3" name="ExcelData.DataProvider" time="0.021" errors="0" timestamp="2025-11-03T15:59:20 IST" skipped="0">
  <testcase classname="ExcelData.DataProvider" name="GetDataFromExcel" time="0.010"/>
  <system-out/>
  <testcase classname="ExcelData.DataProvider" name="GetDataFromExcel" time="0.005"/>
  <system-out/>
  <testcase classname="ExcelData.DataProvider" name="GetDataFromExcel" time="0.006"/>
  <system-out/>
</testsuite> <!-- ExcelData.DataProvider -->
