<?xml version="1.0" encoding="UTF-8"?>
<!-- Generated by org.testng.reporters.JUnitReportReporter -->
<testsuite hostname="DESKTOP-1C037RJ" failures="1" tests="6" name="runners.TestRunner1" time="59.628" errors="0" timestamp="2025-12-01T08:38:45 IST" skipped="0">
  <testcase classname="runners.TestRunner1" name="runScenario" time="4.823"/>
  <system-out/>
  <testcase classname="runners.TestRunner1" name="runScenario" time="12.983"/>
  <system-out/>
  <testcase classname="runners.TestRunner1" name="runScenario" time="2.913"/>
  <system-out/>
  <testcase classname="runners.TestRunner1" name="runScenario" time="12.692"/>
  <system-out/>
  <testcase classname="runners.TestRunner1" name="runScenario" time="12.961"/>
  <system-out/>
  <testcase classname="runners.TestRunner1" name="runScenario" time="13.256">
    <failure message="Expected error not found. Actual: Epic sadface: Sorry, this user has been locked out. expected [true] but found [false]" type="java.lang.AssertionError">
      <![CDATA[java.lang.AssertionError: Expected error not found. Actual: Epic sadface: Sorry, this user has been locked out. expected [true] but found [false]
at org.testng.Assert.fail(Assert.java:110)
at org.testng.Assert.failNotEquals(Assert.java:1413)
at org.testng.Assert.assertTrue(Assert.java:56)
at stepDefinitions.LoginStepsForSauceDemo.the_user_should_see(LoginStepsForSauceDemo.java:55)
at ✽.the user should see "Epic sadface: Sorry, this user is locked out."(file:///D:/BDDWithDDT/src/test/resources/features/SauceDemoLogin.feature:12)
]]>
    </failure>
  </testcase> <!-- runScenario -->
  <system-out/>
</testsuite> <!-- runners.TestRunner1 -->
