<?xml version="1.0" encoding="UTF-8"?>
<!-- Generated by org.testng.reporters.JUnitReportReporter -->
<testsuite hostname="DESKTOP-1C037RJ" failures="0" tests="3" name="ExcelData.DataProvider" time="0.021" errors="0" timestamp="2026-01-08T15:10:12 IST" skipped="0">
  <testcase classname="ExcelData.DataProvider" name="GetDataFromExcel" time="0.013"/>
  <system-out/>
  <testcase classname="ExcelData.DataProvider" name="GetDataFromExcel" time="0.004"/>
  <system-out/>
  <testcase classname="ExcelData.DataProvider" name="GetDataFromExcel" time="0.004"/>
  <system-out/>
</testsuite> <!-- ExcelData.DataProvider -->
