<?xml version="1.0" encoding="UTF-8"?>
<!-- Generated by org.testng.reporters.JUnitReportReporter -->
<testsuite hostname="DESKTOP-1C037RJ" failures="0" tests="8" name="tests.EndToEndAutomation" time="3.255" errors="0" timestamp="2026-01-02T14:52:23 IST" skipped="0">
  <testcase classname="tests.EndToEndAutomation" name="LoginTest" time="0.707"/>
  <system-out/>
  <testcase classname="tests.EndToEndAutomation" name="LoginTest" time="0.653"/>
  <system-out/>
  <testcase classname="tests.EndToEndAutomation" name="AddToCart" time="0.242"/>
  <system-out/>
  <testcase classname="tests.EndToEndAutomation" name="AddToCart" time="0.270"/>
  <system-out/>
  <testcase classname="tests.EndToEndAutomation" name="Checkout" time="0.112"/>
  <system-out/>
  <testcase classname="tests.EndToEndAutomation" name="Checkout" time="0.121"/>
  <system-out/>
  <testcase classname="tests.EndToEndAutomation" name="InputCheckoutFields" time="0.588"/>
  <system-out/>
  <testcase classname="tests.EndToEndAutomation" name="InputCheckoutFields" time="0.562"/>
  <system-out/>
</testsuite> <!-- tests.EndToEndAutomation -->
