<?xml version="1.0" encoding="UTF-8"?>
<!-- Generated by org.testng.reporters.JUnitReportReporter -->
<testsuite hostname="DESKTOP-1C037RJ" failures="0" tests="2" name="tests.LoginTest2Locked" time="1.572" errors="0" timestamp="2025-12-02T10:55:23 IST" skipped="0">
  <testcase classname="tests.LoginTest2Locked" name="LoginTestLockedUser" time="0.842"/>
  <system-out/>
  <testcase classname="tests.LoginTest2Locked" name="LoginTestLockedUser" time="0.730"/>
  <system-out/>
</testsuite> <!-- tests.LoginTest2Locked -->
