<?xml version="1.0" encoding="UTF-8"?>
<!-- Generated by org.testng.reporters.JUnitReportReporter -->
<testsuite hostname="DESKTOP-1C037RJ" failures="0" tests="2" name="tests.LoginTest3ProblemUser" time="1.836" errors="0" timestamp="2026-01-12T09:21:17 IST" skipped="0">
  <testcase classname="tests.LoginTest3ProblemUser" name="LoginTestProblemUser" time="0.827"/>
  <system-out/>
  <testcase classname="tests.LoginTest3ProblemUser" name="LoginTestProblemUser" time="1.009"/>
  <system-out/>
</testsuite> <!-- tests.LoginTest3ProblemUser -->
