<?xml version="1.0" encoding="UTF-8"?>
<!-- Generated by org.testng.reporters.JUnitReportReporter -->
<testsuite hostname="DESKTOP-1C037RJ" failures="0" tests="8" name="tests.EndToEndAutomation" time="7.399" errors="0" timestamp="2026-01-12T09:21:17 IST" skipped="0">
  <testcase classname="tests.EndToEndAutomation" name="LoginTest" time="0.773"/>
  <system-out/>
  <testcase classname="tests.EndToEndAutomation" name="LoginTest" time="1.135"/>
  <system-out/>
  <testcase classname="tests.EndToEndAutomation" name="AddToCart" time="0.237"/>
  <system-out/>
  <testcase classname="tests.EndToEndAutomation" name="AddToCart" time="0.374"/>
  <system-out/>
  <testcase classname="tests.EndToEndAutomation" name="Checkout" time="0.110"/>
  <system-out/>
  <testcase classname="tests.EndToEndAutomation" name="Checkout" time="0.144"/>
  <system-out/>
  <testcase classname="tests.EndToEndAutomation" name="InputCheckoutFields" time="0.419"/>
  <system-out/>
  <testcase classname="tests.EndToEndAutomation" name="InputCheckoutFields" time="4.207"/>
  <system-out/>
</testsuite> <!-- tests.EndToEndAutomation -->
